#
# A fatal error has been detected by the Java Runtime Environment:
#
#  EXCEPTION_ACCESS_VIOLATION (0xc0000005) at pc=0x00007fff34e7326d, pid=12280, tid=21336
#
# JRE version: OpenJDK Runtime Environment Temurin-11.0.12+7 (11.0.12+7) (build 11.0.12+7)
# Java VM: OpenJDK 64-Bit Server VM Temurin-11.0.12+7 (11.0.12+7, mixed mode, tiered, compressed oops, g1 gc, windows-amd64)
# Problematic frame:
# V  [jvm.dll+0x32326d]
#
# No core dump will be written. Minidumps are not enabled by default on client versions of Windows
#
# If you would like to submit a bug report, please visit:
#   https://github.com/adoptium/adoptium-support/issues
#

---------------  S U M M A R Y ------------

Command Line: -Xms64m -Xmx512m -Dapp.name=ltex-ls -Dapp.repo=c:\Users\Dave\.vscode\extensions\valentjn.vscode-ltex-13.1.0\lib\ltex-ls-15.2.0\lib -Dapp.home=c:\Users\Dave\.vscode\extensions\valentjn.vscode-ltex-13.1.0\lib\ltex-ls-15.2.0 -Dbasedir=c:\Users\Dave\.vscode\extensions\valentjn.vscode-ltex-13.1.0\lib\ltex-ls-15.2.0 org.bsplines.ltexls.LtexLanguageServerLauncher

Host: AMD Ryzen 5 2600 Six-Core Processor            , 12 cores, 15G,  Windows 10 , 64 bit Build 22621 (10.0.22621.963)
Time: Sun Jan  8 19:50:20 2023 W. Europe Standard Time elapsed time: 1312.173299 seconds (0d 0h 21m 52s)

---------------  T H R E A D  ---------------

Current thread (0x0000020e7a350800):  JavaThread "C2 CompilerThread1" daemon [_thread_in_native, id=21336, stack(0x0000009f22300000,0x0000009f22400000)]


Current CompileTask:
C2:1312173 5353       4       org.languagetool.rules.patterns.AbstractPatternRulePerformer::testAllReadings (551 bytes)

Stack: [0x0000009f22300000,0x0000009f22400000],  sp=0x0000009f223fba80,  free space=1006k
Native frames: (J=compiled Java code, j=interpreted, Vv=VM code, C=native code)
V  [jvm.dll+0x32326d]
V  [jvm.dll+0x324353]
V  [jvm.dll+0x321d53]
V  [jvm.dll+0x32129a]
V  [jvm.dll+0x205515]
V  [jvm.dll+0x2046fd]
V  [jvm.dll+0x1898fc]
V  [jvm.dll+0x213d67]
V  [jvm.dll+0x211f2b]
V  [jvm.dll+0x74ec19]
V  [jvm.dll+0x747c84]
V  [jvm.dll+0x600ba6]
C  [ucrtbase.dll+0x29363]
C  [KERNEL32.DLL+0x126bd]
C  [ntdll.dll+0x5dfb8]


siginfo: EXCEPTION_ACCESS_VIOLATION (0xc0000005), reading address 0xffffffffffffffff


Register to memory mapping:

RIP=0x00007fff34e7326d jvm.dll
RAX=0x0000020e7789e9d8 points into unknown readable memory: 0x00007fff353a9280 | 80 92 3a 35 ff 7f 00 00
RBX=0x0400020e7884de28 is an unknown value
RCX=0x0000020e788e56a0 points into unknown readable memory: 0x0000020e789d0100 | 00 01 9d 78 0e 02 00 00
RDX=0x0000009f223fbbe0 is pointing into the stack for thread: 0x0000020e7a350800
RSP=0x0000009f223fba80 is pointing into the stack for thread: 0x0000020e7a350800
RBP=0x0 is NULL
RSI=0x0000020e7884de70 points into unknown readable memory: 0x00007fff35360280 | 80 02 36 35 ff 7f 00 00
RDI=0x0 is NULL
R8 =0x0000000000000001 is an unknown value
R9 =0x0000009f223fbbe0 is pointing into the stack for thread: 0x0000020e7a350800
R10=0x0000020e789c8850 points into unknown readable memory: 0x0000020e78b24bb0 | b0 4b b2 78 0e 02 00 00
R11=0x0000020e778c6bb8 points into unknown readable memory: 0x0000020e788d1110 | 10 11 8d 78 0e 02 00 00
R12=0x0000020e7884de00 points into unknown readable memory: 0x00000b1300000000 | 00 00 00 00 13 0b 00 00
R13=0x0000009f223fc040 is pointing into the stack for thread: 0x0000020e7a350800
R14=0x0000009f223fbaf0 is pointing into the stack for thread: 0x0000020e7a350800
R15=0x000000000000017a is an unknown value


Registers:
RAX=0x0000020e7789e9d8, RBX=0x0400020e7884de28, RCX=0x0000020e788e56a0, RDX=0x0000009f223fbbe0
RSP=0x0000009f223fba80, RBP=0x0000000000000000, RSI=0x0000020e7884de70, RDI=0x0000000000000000
R8 =0x0000000000000001, R9 =0x0000009f223fbbe0, R10=0x0000020e789c8850, R11=0x0000020e778c6bb8
R12=0x0000020e7884de00, R13=0x0000009f223fc040, R14=0x0000009f223fbaf0, R15=0x000000000000017a
RIP=0x00007fff34e7326d, EFLAGS=0x0000000000010246

Top of Stack: (sp=0x0000009f223fba80)
0x0000009f223fba80:   000000000000000d 0000020e7a417ea0
0x0000009f223fba90:   0000020e78b24910 0000020e78b24910
0x0000009f223fbaa0:   0000020e78b24910 0000020e78b24bb0
0x0000009f223fbab0:   0000020e78b24b00 0000000000000000
0x0000009f223fbac0:   0000020e7a4161e0 00007fff34e74353
0x0000009f223fbad0:   0000009f223fc040 0000020e789d1a20
0x0000009f223fbae0:   0000020e7789e9d8 0000020e7a417ea0
0x0000009f223fbaf0:   0000009f223fbbe0 0000009f223fbb90
0x0000009f223fbb00:   0000009f223fc040 0000020e797568c0
0x0000009f223fbb10:   0000000000000000 0000020e797568c0
0x0000009f223fbb20:   0000020e75db0590 00007fff353a85b0
0x0000009f223fbb30:   0000009f223fbc40 00007fff34e71d53
0x0000009f223fbb40:   0000020e778b28f0 0000020e786699a8
0x0000009f223fbb50:   0000009f223fc040 0000020e7a21c9a0
0x0000009f223fbb60:   0000020e7a21c9a0 00007fffddce9df8
0x0000009f223fbb70:   0000020e59550000 0000020e59550000 

Instructions: (pc=0x00007fff34e7326d)
0x00007fff34e7316d:   24 58 48 83 c4 20 41 5f 41 5e 41 5c e9 e2 17 00
0x00007fff34e7317d:   00 cc cc 41 56 48 83 ec 40 48 8b 51 08 4c 8b f1
0x00007fff34e7318d:   4c 8b 02 49 8b c0 48 2b 42 10 48 83 c0 10 48 c1
0x00007fff34e7319d:   e8 04 85 c0 75 09 33 c0 48 83 c4 40 41 5e c3 48
0x00007fff34e731ad:   89 5c 24 58 49 8d 40 f0 48 89 6c 24 60 48 89 74
0x00007fff34e731bd:   24 38 48 89 7c 24 30 4c 89 64 24 28 4d 8b 20 49
0x00007fff34e731cd:   8b f4 4c 89 7c 24 20 48 83 e6 fe 41 80 e4 01 8b
0x00007fff34e731dd:   7e 20 41 39 78 08 41 0f 42 78 08 48 89 02 0f 1f
0x00007fff34e731ed:   44 00 00 44 8b 46 28 41 8b c0 4d 8b 0e c1 e8 05
0x00007fff34e731fd:   41 3b 41 10 72 0e 49 8b 01 41 8b d0 49 8b c9 ff
0x00007fff34e7320d:   50 18 eb 1b 8b c8 41 83 e0 1f 49 8b 41 18 48 8d
0x00007fff34e7321d:   14 88 b8 01 00 00 00 41 0f b6 c8 d3 e0 09 02 8b
0x00007fff34e7322d:   46 2c 24 0f 3c 08 75 09 48 8b 46 08 48 8b 08 eb
0x00007fff34e7323d:   03 48 8b ce 49 8b 46 10 33 ed 8b 51 28 48 8b 48
0x00007fff34e7324d:   78 48 8b 04 d1 44 8b 78 68 85 ff 0f 84 bd 00 00
0x00007fff34e7325d:   00 66 90 48 8b 5e 10 ff cf 49 8b 16 48 8b 1c fb
0x00007fff34e7326d:   8b 4b 28 8b c1 c1 e8 05 3b 42 10 73 19 44 8b c0
0x00007fff34e7327d:   83 e1 1f 48 8b 42 18 ba 01 00 00 00 d3 e2 42 8b
0x00007fff34e7328d:   04 80 23 c2 75 48 8b 43 2c 24 0f 3c 08 75 09 48
0x00007fff34e7329d:   8b 43 08 4c 8b 00 eb 03 4c 8b c3 49 8b 46 10 41
0x00007fff34e732ad:   8b 50 28 48 8b 48 78 48 8b 04 d1 44 39 78 68 72
0x00007fff34e732bd:   1d 75 0b 41 8b 40 2c 83 e0 0f 3c 0c 74 10 48 8b
0x00007fff34e732cd:   cb 48 8b eb e8 4a d9 2b 00 41 3a c4 74 04 85 ff
0x00007fff34e732dd:   75 81 48 85 ed 74 37 49 8b 5e 08 48 83 03 10 48
0x00007fff34e732ed:   8b 0b 48 3b 4b 08 72 0b 48 8b cb e8 13 c9 2b 00
0x00007fff34e732fd:   48 8b 0b 41 0f b6 c4 48 0b c6 89 79 08 48 89 01
0x00007fff34e7330d:   48 8b f5 8b 7d 20 45 32 e4 e9 d5 fe ff ff 45 84
0x00007fff34e7331d:   e4 75 0b 8b 7e 20 41 b4 01 e9 c5 fe ff ff 4c 8b
0x00007fff34e7332d:   7c 24 20 48 8b c6 48 8b 74 24 38 4c 8b 64 24 28
0x00007fff34e7333d:   48 8b 7c 24 30 48 8b 6c 24 60 48 8b 5c 24 58 48
0x00007fff34e7334d:   83 c4 40 41 5e c3 cc cc cc cc cc cc cc cc cc cc
0x00007fff34e7335d:   cc cc cc 48 89 5c 24 08 48 89 74 24 10 57 48 83 


Stack slot to memory mapping:
stack at sp + 0 slots: 0x000000000000000d is an unknown value
stack at sp + 1 slots: 0x0000020e7a417ea0 points into unknown readable memory: 0x00007fff35333d50 | 50 3d 33 35 ff 7f 00 00
stack at sp + 2 slots: 0x0000020e78b24910 points into unknown readable memory: 0x00007fff35361d10 | 10 1d 36 35 ff 7f 00 00
stack at sp + 3 slots: 0x0000020e78b24910 points into unknown readable memory: 0x00007fff35361d10 | 10 1d 36 35 ff 7f 00 00
stack at sp + 4 slots: 0x0000020e78b24910 points into unknown readable memory: 0x00007fff35361d10 | 10 1d 36 35 ff 7f 00 00
stack at sp + 5 slots: 0x0000020e78b24bb0 points into unknown readable memory: 0x00007fff353a4a40 | 40 4a 3a 35 ff 7f 00 00
stack at sp + 6 slots: 0x0000020e78b24b00 points into unknown readable memory: 0x0000000100000001 | 01 00 00 00 01 00 00 00
stack at sp + 7 slots: 0x0 is NULL


---------------  P R O C E S S  ---------------

Threads class SMR info:
_java_thread_list=0x0000020e7866fab0, length=14, elements={
0x0000020e5bc68000, 0x0000020e74b14800, 0x0000020e74b15000, 0x0000020e74b33000,
0x0000020e74b36000, 0x0000020e74b37800, 0x0000020e74b3a800, 0x0000020e74b3d800,
0x0000020e74b40800, 0x0000020e74cfb800, 0x0000020e77d1a800, 0x0000020e78f7a800,
0x0000020e7a350800, 0x0000020e764f9000
}

Java Threads: ( => current thread )
  0x0000020e5bc68000 JavaThread "main" [_thread_blocked, id=15160, stack(0x0000009f22600000,0x0000009f22700000)]
  0x0000020e74b14800 JavaThread "Reference Handler" daemon [_thread_blocked, id=4916, stack(0x0000009f22d00000,0x0000009f22e00000)]
  0x0000020e74b15000 JavaThread "Finalizer" daemon [_thread_blocked, id=8040, stack(0x0000009f22e00000,0x0000009f22f00000)]
  0x0000020e74b33000 JavaThread "Signal Dispatcher" daemon [_thread_blocked, id=9308, stack(0x0000009f22f00000,0x0000009f23000000)]
  0x0000020e74b36000 JavaThread "Attach Listener" daemon [_thread_blocked, id=21300, stack(0x0000009f23000000,0x0000009f23100000)]
  0x0000020e74b37800 JavaThread "Service Thread" daemon [_thread_blocked, id=14892, stack(0x0000009f23100000,0x0000009f23200000)]
  0x0000020e74b3a800 JavaThread "C2 CompilerThread0" daemon [_thread_in_native, id=14304, stack(0x0000009f23200000,0x0000009f23300000)]
  0x0000020e74b3d800 JavaThread "C1 CompilerThread0" daemon [_thread_in_native, id=19152, stack(0x0000009f23300000,0x0000009f23400000)]
  0x0000020e74b40800 JavaThread "Sweeper thread" daemon [_thread_blocked, id=8924, stack(0x0000009f23400000,0x0000009f23500000)]
  0x0000020e74cfb800 JavaThread "Common-Cleaner" daemon [_thread_blocked, id=12708, stack(0x0000009f23600000,0x0000009f23700000)]
  0x0000020e77d1a800 JavaThread "pool-2-thread-1" [_thread_in_native, id=8036, stack(0x0000009f24000000,0x0000009f24100000)]
  0x0000020e78f7a800 JavaThread "pool-1-thread-1" [_thread_in_Java, id=21352, stack(0x0000009f24100000,0x0000009f24200000)]
=>0x0000020e7a350800 JavaThread "C2 CompilerThread1" daemon [_thread_in_native, id=21336, stack(0x0000009f22300000,0x0000009f22400000)]
  0x0000020e764f9000 JavaThread "C2 CompilerThread2" daemon [_thread_in_native, id=8080, stack(0x0000009f22400000,0x0000009f22500000)]

Other Threads:
  0x0000020e74b0c800 VMThread "VM Thread" [stack: 0x0000009f22c00000,0x0000009f22d00000] [id=7516]
  0x0000020e74ce6000 WatcherThread [stack: 0x0000009f23500000,0x0000009f23600000] [id=1228]
  0x0000020e5bc80000 GCTaskThread "GC Thread#0" [stack: 0x0000009f22700000,0x0000009f22800000] [id=19252]
  0x0000020e75ac8000 GCTaskThread "GC Thread#1" [stack: 0x0000009f23800000,0x0000009f23900000] [id=10956]
  0x0000020e79e2c000 GCTaskThread "GC Thread#2" [stack: 0x0000009f23c00000,0x0000009f23d00000] [id=11900]
  0x0000020e78a20800 GCTaskThread "GC Thread#3" [stack: 0x0000009f24200000,0x0000009f24300000] [id=9464]
  0x0000020e78951800 GCTaskThread "GC Thread#4" [stack: 0x0000009f24300000,0x0000009f24400000] [id=11620]
  0x0000020e78952000 GCTaskThread "GC Thread#5" [stack: 0x0000009f24400000,0x0000009f24500000] [id=5604]
  0x0000020e5bc97800 ConcurrentGCThread "G1 Main Marker" [stack: 0x0000009f22800000,0x0000009f22900000] [id=10676]
  0x0000020e5bc98800 ConcurrentGCThread "G1 Conc#0" [stack: 0x0000009f22900000,0x0000009f22a00000] [id=4820]
  0x0000020e78547800 ConcurrentGCThread "G1 Conc#1" [stack: 0x0000009f23a00000,0x0000009f23b00000] [id=19420]
  0x0000020e78b49800 ConcurrentGCThread "G1 Conc#2" [stack: 0x0000009f23b00000,0x0000009f23c00000] [id=4764]
  0x0000020e73e18800 ConcurrentGCThread "G1 Refine#0" [stack: 0x0000009f22a00000,0x0000009f22b00000] [id=4580]
  0x0000020e79d0a000 ConcurrentGCThread "G1 Refine#1" [stack: 0x0000009f23d00000,0x0000009f23e00000] [id=10744]
  0x0000020e787f5800 ConcurrentGCThread "G1 Refine#2" [stack: 0x0000009f23e00000,0x0000009f23f00000] [id=17572]
  0x0000020e785a1800 ConcurrentGCThread "G1 Refine#3" [stack: 0x0000009f23f00000,0x0000009f24000000] [id=2676]
  0x0000020e76559000 ConcurrentGCThread "G1 Refine#4" [stack: 0x0000009f24500000,0x0000009f24600000] [id=18096]
  0x0000020e76558800 ConcurrentGCThread "G1 Refine#5" [stack: 0x0000009f24600000,0x0000009f24700000] [id=20176]
  0x0000020e7655b000 ConcurrentGCThread "G1 Refine#6" [stack: 0x0000009f24700000,0x0000009f24800000] [id=14428]
  0x0000020e7655a000 ConcurrentGCThread "G1 Refine#7" [stack: 0x0000009f24800000,0x0000009f24900000] [id=9820]
  0x0000020e7655a800 ConcurrentGCThread "G1 Refine#8" [stack: 0x0000009f24900000,0x0000009f24a00000] [id=2516]
  0x0000020e73e1b000 ConcurrentGCThread "G1 Young RemSet Sampling" [stack: 0x0000009f22b00000,0x0000009f22c00000] [id=14976]

Threads with active compile tasks:
C2 CompilerThread01312228 5349       4       java.util.AbstractQueue::remove (19 bytes)
C2 CompilerThread11312228 5353       4       org.languagetool.rules.patterns.AbstractPatternRulePerformer::testAllReadings (551 bytes)
C2 CompilerThread21312228 5346 %     4       opennlp.tools.ml.BeamSearch::bestSequences @ 242 (517 bytes)

VM state:not at safepoint (normal execution)

VM Mutex/Monitor currently owned by a thread: None

Heap address: 0x00000000e0000000, size: 512 MB, Compressed Oops mode: 32-bit
Narrow klass base: 0x0000000000000000, Narrow klass shift: 3
Compressed class space size: 1073741824 Address: 0x0000000100000000

Heap:
 garbage-first heap   total 216064K, used 164639K [0x00000000e0000000, 0x0000000100000000)
  region size 1024K, 8 young (8192K), 2 survivors (2048K)
 Metaspace       used 30717K, capacity 31216K, committed 31360K, reserved 1077248K
  class space    used 3226K, capacity 3444K, committed 3456K, reserved 1048576K
Heap Regions: E=young(eden), S=young(survivor), O=old, HS=humongous(starts), HC=humongous(continues), CS=collection set, F=free, A=archive, TAMS=top-at-mark-start (previous, next)
|   0|0x00000000e0000000, 0x00000000e0100000, 0x00000000e0100000|100%| O|  |TAMS 0x00000000e0100000, 0x00000000e0000000| Untracked 
|   1|0x00000000e0100000, 0x00000000e0200000, 0x00000000e0200000|100%| O|  |TAMS 0x00000000e0200000, 0x00000000e0100000| Untracked 
|   2|0x00000000e0200000, 0x00000000e0300000, 0x00000000e0300000|100%| O|  |TAMS 0x00000000e0300000, 0x00000000e0200000| Untracked 
|   3|0x00000000e0300000, 0x00000000e0400000, 0x00000000e0400000|100%| O|  |TAMS 0x00000000e0400000, 0x00000000e0300000| Untracked 
|   4|0x00000000e0400000, 0x00000000e0500000, 0x00000000e0500000|100%| O|  |TAMS 0x00000000e0500000, 0x00000000e0400000| Untracked 
|   5|0x00000000e0500000, 0x00000000e0600000, 0x00000000e0600000|100%| O|  |TAMS 0x00000000e0600000, 0x00000000e0500000| Untracked 
|   6|0x00000000e0600000, 0x00000000e0700000, 0x00000000e0700000|100%| O|  |TAMS 0x00000000e0700000, 0x00000000e0600000| Untracked 
|   7|0x00000000e0700000, 0x00000000e0800000, 0x00000000e0800000|100%| O|  |TAMS 0x00000000e0800000, 0x00000000e0700000| Untracked 
|   8|0x00000000e0800000, 0x00000000e0900000, 0x00000000e0900000|100%| O|  |TAMS 0x00000000e0900000, 0x00000000e0800000| Untracked 
|   9|0x00000000e0900000, 0x00000000e0a00000, 0x00000000e0a00000|100%| O|  |TAMS 0x00000000e0a00000, 0x00000000e0900000| Untracked 
|  10|0x00000000e0a00000, 0x00000000e0b00000, 0x00000000e0b00000|100%| O|  |TAMS 0x00000000e0b00000, 0x00000000e0a00000| Untracked 
|  11|0x00000000e0b00000, 0x00000000e0c00000, 0x00000000e0c00000|100%| O|  |TAMS 0x00000000e0c00000, 0x00000000e0b00000| Untracked 
|  12|0x00000000e0c00000, 0x00000000e0d00000, 0x00000000e0d00000|100%| O|  |TAMS 0x00000000e0d00000, 0x00000000e0c00000| Untracked 
|  13|0x00000000e0d00000, 0x00000000e0e00000, 0x00000000e0e00000|100%| O|  |TAMS 0x00000000e0e00000, 0x00000000e0d00000| Untracked 
|  14|0x00000000e0e00000, 0x00000000e0f00000, 0x00000000e0f00000|100%| O|  |TAMS 0x00000000e0f00000, 0x00000000e0e00000| Untracked 
|  15|0x00000000e0f00000, 0x00000000e1000000, 0x00000000e1000000|100%| O|  |TAMS 0x00000000e1000000, 0x00000000e0f00000| Untracked 
|  16|0x00000000e1000000, 0x00000000e1100000, 0x00000000e1100000|100%| O|  |TAMS 0x00000000e1100000, 0x00000000e1000000| Untracked 
|  17|0x00000000e1100000, 0x00000000e1200000, 0x00000000e1200000|100%| O|  |TAMS 0x00000000e1200000, 0x00000000e1100000| Untracked 
|  18|0x00000000e1200000, 0x00000000e1300000, 0x00000000e1300000|100%| O|  |TAMS 0x00000000e1300000, 0x00000000e1200000| Untracked 
|  19|0x00000000e1300000, 0x00000000e1400000, 0x00000000e1400000|100%| O|  |TAMS 0x00000000e1400000, 0x00000000e1300000| Untracked 
|  20|0x00000000e1400000, 0x00000000e1500000, 0x00000000e1500000|100%| O|  |TAMS 0x00000000e1500000, 0x00000000e1400000| Untracked 
|  21|0x00000000e1500000, 0x00000000e1600000, 0x00000000e1600000|100%| O|  |TAMS 0x00000000e1600000, 0x00000000e1500000| Untracked 
|  22|0x00000000e1600000, 0x00000000e1700000, 0x00000000e1700000|100%|HS|  |TAMS 0x00000000e1700000, 0x00000000e1600000| Complete 
|  23|0x00000000e1700000, 0x00000000e1800000, 0x00000000e1800000|100%| O|  |TAMS 0x00000000e1800000, 0x00000000e1700000| Untracked 
|  24|0x00000000e1800000, 0x00000000e1900000, 0x00000000e1900000|100%| O|  |TAMS 0x00000000e1900000, 0x00000000e1800000| Untracked 
|  25|0x00000000e1900000, 0x00000000e1a00000, 0x00000000e1a00000|100%| O|  |TAMS 0x00000000e1a00000, 0x00000000e1900000| Untracked 
|  26|0x00000000e1a00000, 0x00000000e1b00000, 0x00000000e1b00000|100%| O|  |TAMS 0x00000000e1b00000, 0x00000000e1a00000| Untracked 
|  27|0x00000000e1b00000, 0x00000000e1c00000, 0x00000000e1c00000|100%| O|  |TAMS 0x00000000e1c00000, 0x00000000e1b00000| Untracked 
|  28|0x00000000e1c00000, 0x00000000e1d00000, 0x00000000e1d00000|100%| O|  |TAMS 0x00000000e1d00000, 0x00000000e1c00000| Untracked 
|  29|0x00000000e1d00000, 0x00000000e1e00000, 0x00000000e1e00000|100%| O|  |TAMS 0x00000000e1e00000, 0x00000000e1d00000| Untracked 
|  30|0x00000000e1e00000, 0x00000000e1f00000, 0x00000000e1f00000|100%| O|  |TAMS 0x00000000e1f00000, 0x00000000e1e00000| Untracked 
|  31|0x00000000e1f00000, 0x00000000e2000000, 0x00000000e2000000|100%| O|  |TAMS 0x00000000e2000000, 0x00000000e1f00000| Untracked 
|  32|0x00000000e2000000, 0x00000000e2100000, 0x00000000e2100000|100%| O|  |TAMS 0x00000000e2100000, 0x00000000e2000000| Untracked 
|  33|0x00000000e2100000, 0x00000000e2200000, 0x00000000e2200000|100%|HS|  |TAMS 0x00000000e2100000, 0x00000000e2100000| Complete 
|  34|0x00000000e2200000, 0x00000000e2300000, 0x00000000e2300000|100%| O|  |TAMS 0x00000000e2300000, 0x00000000e2200000| Untracked 
|  35|0x00000000e2300000, 0x00000000e2400000, 0x00000000e2400000|100%| O|  |TAMS 0x00000000e2400000, 0x00000000e2300000| Untracked 
|  36|0x00000000e2400000, 0x00000000e2500000, 0x00000000e2500000|100%| O|  |TAMS 0x00000000e2400000, 0x00000000e2400000| Untracked 
|  37|0x00000000e2500000, 0x00000000e2600000, 0x00000000e2600000|100%| O|  |TAMS 0x00000000e2600000, 0x00000000e2500000| Untracked 
|  38|0x00000000e2600000, 0x00000000e2700000, 0x00000000e2700000|100%| O|  |TAMS 0x00000000e2700000, 0x00000000e2600000| Untracked 
|  39|0x00000000e2700000, 0x00000000e2800000, 0x00000000e2800000|100%| O|  |TAMS 0x00000000e2800000, 0x00000000e2700000| Untracked 
|  40|0x00000000e2800000, 0x00000000e2900000, 0x00000000e2900000|100%| O|  |TAMS 0x00000000e2900000, 0x00000000e2800000| Untracked 
|  41|0x00000000e2900000, 0x00000000e2a00000, 0x00000000e2a00000|100%| O|  |TAMS 0x00000000e2a00000, 0x00000000e2900000| Untracked 
|  42|0x00000000e2a00000, 0x00000000e2b00000, 0x00000000e2b00000|100%| O|  |TAMS 0x00000000e2b00000, 0x00000000e2a00000| Untracked 
|  43|0x00000000e2b00000, 0x00000000e2c00000, 0x00000000e2c00000|100%| O|  |TAMS 0x00000000e2c00000, 0x00000000e2b00000| Untracked 
|  44|0x00000000e2c00000, 0x00000000e2d00000, 0x00000000e2d00000|100%| O|  |TAMS 0x00000000e2d00000, 0x00000000e2c00000| Untracked 
|  45|0x00000000e2d00000, 0x00000000e2e00000, 0x00000000e2e00000|100%| O|  |TAMS 0x00000000e2e00000, 0x00000000e2d00000| Untracked 
|  46|0x00000000e2e00000, 0x00000000e2f00000, 0x00000000e2f00000|100%| O|  |TAMS 0x00000000e2f00000, 0x00000000e2e00000| Untracked 
|  47|0x00000000e2f00000, 0x00000000e3000000, 0x00000000e3000000|100%| O|  |TAMS 0x00000000e3000000, 0x00000000e2f00000| Untracked 
|  48|0x00000000e3000000, 0x00000000e3100000, 0x00000000e3100000|100%| O|  |TAMS 0x00000000e3100000, 0x00000000e3000000| Untracked 
|  49|0x00000000e3100000, 0x00000000e3200000, 0x00000000e3200000|100%| O|  |TAMS 0x00000000e3200000, 0x00000000e3100000| Untracked 
|  50|0x00000000e3200000, 0x00000000e3300000, 0x00000000e3300000|100%| O|  |TAMS 0x00000000e3300000, 0x00000000e3200000| Untracked 
|  51|0x00000000e3300000, 0x00000000e3400000, 0x00000000e3400000|100%| O|  |TAMS 0x00000000e3400000, 0x00000000e3300000| Untracked 
|  52|0x00000000e3400000, 0x00000000e3500000, 0x00000000e3500000|100%| O|  |TAMS 0x00000000e3500000, 0x00000000e3400000| Untracked 
|  53|0x00000000e3500000, 0x00000000e3600000, 0x00000000e3600000|100%| O|  |TAMS 0x00000000e3600000, 0x00000000e3500000| Untracked 
|  54|0x00000000e3600000, 0x00000000e3700000, 0x00000000e3700000|100%|HS|  |TAMS 0x00000000e3600000, 0x00000000e3600000| Complete 
|  55|0x00000000e3700000, 0x00000000e3800000, 0x00000000e3800000|100%|HC|  |TAMS 0x00000000e3700000, 0x00000000e3700000| Complete 
|  56|0x00000000e3800000, 0x00000000e3900000, 0x00000000e3900000|100%| O|  |TAMS 0x00000000e3900000, 0x00000000e3800000| Untracked 
|  57|0x00000000e3900000, 0x00000000e3a00000, 0x00000000e3a00000|100%| O|  |TAMS 0x00000000e3a00000, 0x00000000e3900000| Untracked 
|  58|0x00000000e3a00000, 0x00000000e3b00000, 0x00000000e3b00000|100%| O|  |TAMS 0x00000000e3b00000, 0x00000000e3a00000| Untracked 
|  59|0x00000000e3b00000, 0x00000000e3c00000, 0x00000000e3c00000|100%| O|  |TAMS 0x00000000e3c00000, 0x00000000e3b00000| Untracked 
|  60|0x00000000e3c00000, 0x00000000e3d00000, 0x00000000e3d00000|100%| O|  |TAMS 0x00000000e3c00000, 0x00000000e3c00000| Untracked 
|  61|0x00000000e3d00000, 0x00000000e3e00000, 0x00000000e3e00000|100%| O|  |TAMS 0x00000000e3d00000, 0x00000000e3d00000| Untracked 
|  62|0x00000000e3e00000, 0x00000000e3f00000, 0x00000000e3f00000|100%| O|  |TAMS 0x00000000e3e00000, 0x00000000e3e00000| Untracked 
|  63|0x00000000e3f00000, 0x00000000e4000000, 0x00000000e4000000|100%| O|  |TAMS 0x00000000e4000000, 0x00000000e3f00000| Untracked 
|  64|0x00000000e4000000, 0x00000000e4100000, 0x00000000e4100000|100%| O|  |TAMS 0x00000000e4100000, 0x00000000e4000000| Untracked 
|  65|0x00000000e4100000, 0x00000000e4200000, 0x00000000e4200000|100%| O|  |TAMS 0x00000000e4200000, 0x00000000e4100000| Untracked 
|  66|0x00000000e4200000, 0x00000000e4300000, 0x00000000e4300000|100%| O|  |TAMS 0x00000000e4300000, 0x00000000e4200000| Untracked 
|  67|0x00000000e4300000, 0x00000000e4400000, 0x00000000e4400000|100%| O|  |TAMS 0x00000000e4400000, 0x00000000e4300000| Untracked 
|  68|0x00000000e4400000, 0x00000000e4500000, 0x00000000e4500000|100%| O|  |TAMS 0x00000000e4500000, 0x00000000e4400000| Untracked 
|  69|0x00000000e4500000, 0x00000000e4600000, 0x00000000e4600000|100%| O|  |TAMS 0x00000000e4600000, 0x00000000e4500000| Untracked 
|  70|0x00000000e4600000, 0x00000000e4700000, 0x00000000e4700000|100%| O|  |TAMS 0x00000000e4700000, 0x00000000e4600000| Untracked 
|  71|0x00000000e4700000, 0x00000000e4800000, 0x00000000e4800000|100%| O|  |TAMS 0x00000000e4800000, 0x00000000e4700000| Untracked 
|  72|0x00000000e4800000, 0x00000000e4900000, 0x00000000e4900000|100%| O|  |TAMS 0x00000000e4900000, 0x00000000e4800000| Untracked 
|  73|0x00000000e4900000, 0x00000000e4a00000, 0x00000000e4a00000|100%|HS|  |TAMS 0x00000000e4a00000, 0x00000000e4900000| Complete 
|  74|0x00000000e4a00000, 0x00000000e4b00000, 0x00000000e4b00000|100%|HC|  |TAMS 0x00000000e4b00000, 0x00000000e4a00000| Complete 
|  75|0x00000000e4b00000, 0x00000000e4c00000, 0x00000000e4c00000|100%| O|  |TAMS 0x00000000e4c00000, 0x00000000e4b00000| Untracked 
|  76|0x00000000e4c00000, 0x00000000e4d00000, 0x00000000e4d00000|100%| O|  |TAMS 0x00000000e4d00000, 0x00000000e4c00000| Untracked 
|  77|0x00000000e4d00000, 0x00000000e4e00000, 0x00000000e4e00000|100%| O|  |TAMS 0x00000000e4e00000, 0x00000000e4d00000| Untracked 
|  78|0x00000000e4e00000, 0x00000000e4f00000, 0x00000000e4f00000|100%| O|  |TAMS 0x00000000e4f00000, 0x00000000e4e00000| Untracked 
|  79|0x00000000e4f00000, 0x00000000e5000000, 0x00000000e5000000|100%| O|  |TAMS 0x00000000e5000000, 0x00000000e4f00000| Untracked 
|  80|0x00000000e5000000, 0x00000000e5100000, 0x00000000e5100000|100%| O|  |TAMS 0x00000000e5100000, 0x00000000e5000000| Untracked 
|  81|0x00000000e5100000, 0x00000000e5200000, 0x00000000e5200000|100%| O|  |TAMS 0x00000000e5200000, 0x00000000e5100000| Untracked 
|  82|0x00000000e5200000, 0x00000000e5300000, 0x00000000e5300000|100%| O|  |TAMS 0x00000000e5300000, 0x00000000e5200000| Untracked 
|  83|0x00000000e5300000, 0x00000000e5400000, 0x00000000e5400000|100%| O|  |TAMS 0x00000000e5300000, 0x00000000e5300000| Untracked 
|  84|0x00000000e5400000, 0x00000000e5500000, 0x00000000e5500000|100%| O|  |TAMS 0x00000000e5500000, 0x00000000e5400000| Untracked 
|  85|0x00000000e5500000, 0x00000000e5600000, 0x00000000e5600000|100%| O|  |TAMS 0x00000000e5600000, 0x00000000e5500000| Untracked 
|  86|0x00000000e5600000, 0x00000000e5700000, 0x00000000e5700000|100%| O|  |TAMS 0x00000000e5700000, 0x00000000e5600000| Untracked 
|  87|0x00000000e5700000, 0x00000000e5800000, 0x00000000e5800000|100%| O|  |TAMS 0x00000000e5800000, 0x00000000e5700000| Untracked 
|  88|0x00000000e5800000, 0x00000000e5900000, 0x00000000e5900000|100%| O|  |TAMS 0x00000000e5900000, 0x00000000e5800000| Untracked 
|  89|0x00000000e5900000, 0x00000000e5a00000, 0x00000000e5a00000|100%| O|  |TAMS 0x00000000e5a00000, 0x00000000e5900000| Untracked 
|  90|0x00000000e5a00000, 0x00000000e5b00000, 0x00000000e5b00000|100%| O|  |TAMS 0x00000000e5b00000, 0x00000000e5a00000| Untracked 
|  91|0x00000000e5b00000, 0x00000000e5c00000, 0x00000000e5c00000|100%| O|  |TAMS 0x00000000e5c00000, 0x00000000e5b00000| Untracked 
|  92|0x00000000e5c00000, 0x00000000e5d00000, 0x00000000e5d00000|100%| O|  |TAMS 0x00000000e5d00000, 0x00000000e5c00000| Untracked 
|  93|0x00000000e5d00000, 0x00000000e5e00000, 0x00000000e5e00000|100%| O|  |TAMS 0x00000000e5e00000, 0x00000000e5d00000| Untracked 
|  94|0x00000000e5e00000, 0x00000000e5f00000, 0x00000000e5f00000|100%| O|  |TAMS 0x00000000e5f00000, 0x00000000e5e00000| Untracked 
|  95|0x00000000e5f00000, 0x00000000e6000000, 0x00000000e6000000|100%| O|  |TAMS 0x00000000e6000000, 0x00000000e5f00000| Untracked 
|  96|0x00000000e6000000, 0x00000000e6100000, 0x00000000e6100000|100%| O|  |TAMS 0x00000000e6100000, 0x00000000e6000000| Untracked 
|  97|0x00000000e6100000, 0x00000000e6200000, 0x00000000e6200000|100%| O|  |TAMS 0x00000000e6200000, 0x00000000e6100000| Untracked 
|  98|0x00000000e6200000, 0x00000000e6300000, 0x00000000e6300000|100%| O|  |TAMS 0x00000000e6300000, 0x00000000e6200000| Untracked 
|  99|0x00000000e6300000, 0x00000000e6400000, 0x00000000e6400000|100%| O|  |TAMS 0x00000000e6300000, 0x00000000e6300000| Untracked 
| 100|0x00000000e6400000, 0x00000000e6500000, 0x00000000e6500000|100%| O|  |TAMS 0x00000000e6400000, 0x00000000e6400000| Untracked 
| 101|0x00000000e6500000, 0x00000000e6600000, 0x00000000e6600000|100%| O|  |TAMS 0x00000000e6500000, 0x00000000e6500000| Untracked 
| 102|0x00000000e6600000, 0x00000000e6700000, 0x00000000e6700000|100%|HS|  |TAMS 0x00000000e6600000, 0x00000000e6600000| Complete 
| 103|0x00000000e6700000, 0x00000000e6800000, 0x00000000e6800000|100%|HC|  |TAMS 0x00000000e6700000, 0x00000000e6700000| Complete 
| 104|0x00000000e6800000, 0x00000000e6900000, 0x00000000e6900000|100%|HC|  |TAMS 0x00000000e6800000, 0x00000000e6800000| Complete 
| 105|0x00000000e6900000, 0x00000000e6a00000, 0x00000000e6a00000|100%|HC|  |TAMS 0x00000000e6900000, 0x00000000e6900000| Complete 
| 106|0x00000000e6a00000, 0x00000000e6b00000, 0x00000000e6b00000|100%|HC|  |TAMS 0x00000000e6a00000, 0x00000000e6a00000| Complete 
| 107|0x00000000e6b00000, 0x00000000e6c00000, 0x00000000e6c00000|100%| O|  |TAMS 0x00000000e6b00000, 0x00000000e6b00000| Untracked 
| 108|0x00000000e6c00000, 0x00000000e6d00000, 0x00000000e6d00000|100%| O|  |TAMS 0x00000000e6c00000, 0x00000000e6c00000| Untracked 
| 109|0x00000000e6d00000, 0x00000000e6e00000, 0x00000000e6e00000|100%| O|  |TAMS 0x00000000e6d00000, 0x00000000e6d00000| Untracked 
| 110|0x00000000e6e00000, 0x00000000e6f00000, 0x00000000e6f00000|100%| O|  |TAMS 0x00000000e6e00000, 0x00000000e6e00000| Untracked 
| 111|0x00000000e6f00000, 0x00000000e7000000, 0x00000000e7000000|100%| O|  |TAMS 0x00000000e6f00000, 0x00000000e6f00000| Untracked 
| 112|0x00000000e7000000, 0x00000000e7100000, 0x00000000e7100000|100%| O|  |TAMS 0x00000000e7000000, 0x00000000e7000000| Untracked 
| 113|0x00000000e7100000, 0x00000000e7200000, 0x00000000e7200000|100%| O|  |TAMS 0x00000000e7100000, 0x00000000e7100000| Untracked 
| 114|0x00000000e7200000, 0x00000000e7300000, 0x00000000e7300000|100%| O|  |TAMS 0x00000000e7200000, 0x00000000e7200000| Untracked 
| 115|0x00000000e7300000, 0x00000000e7400000, 0x00000000e7400000|100%| O|  |TAMS 0x00000000e7300000, 0x00000000e7300000| Untracked 
| 116|0x00000000e7400000, 0x00000000e7500000, 0x00000000e7500000|100%| O|  |TAMS 0x00000000e7400000, 0x00000000e7400000| Untracked 
| 117|0x00000000e7500000, 0x00000000e7600000, 0x00000000e7600000|100%| O|  |TAMS 0x00000000e7500000, 0x00000000e7500000| Untracked 
| 118|0x00000000e7600000, 0x00000000e7700000, 0x00000000e7700000|100%| O|  |TAMS 0x00000000e7700000, 0x00000000e7600000| Untracked 
| 119|0x00000000e7700000, 0x00000000e7800000, 0x00000000e7800000|100%| O|  |TAMS 0x00000000e7800000, 0x00000000e7700000| Untracked 
| 120|0x00000000e7800000, 0x00000000e7900000, 0x00000000e7900000|100%| O|  |TAMS 0x00000000e7900000, 0x00000000e7800000| Untracked 
| 121|0x00000000e7900000, 0x00000000e7a00000, 0x00000000e7a00000|100%| O|  |TAMS 0x00000000e7a00000, 0x00000000e7900000| Untracked 
| 122|0x00000000e7a00000, 0x00000000e7b00000, 0x00000000e7b00000|100%| O|  |TAMS 0x00000000e7b00000, 0x00000000e7a00000| Untracked 
| 123|0x00000000e7b00000, 0x00000000e7c00000, 0x00000000e7c00000|100%| O|  |TAMS 0x00000000e7c00000, 0x00000000e7b00000| Untracked 
| 124|0x00000000e7c00000, 0x00000000e7d00000, 0x00000000e7d00000|100%| O|  |TAMS 0x00000000e7d00000, 0x00000000e7c00000| Untracked 
| 125|0x00000000e7d00000, 0x00000000e7e00000, 0x00000000e7e00000|100%| O|  |TAMS 0x00000000e7e00000, 0x00000000e7d00000| Untracked 
| 126|0x00000000e7e00000, 0x00000000e7f00000, 0x00000000e7f00000|100%| O|  |TAMS 0x00000000e7f00000, 0x00000000e7e00000| Untracked 
| 127|0x00000000e7f00000, 0x00000000e8000000, 0x00000000e8000000|100%| O|  |TAMS 0x00000000e8000000, 0x00000000e7f00000| Untracked 
| 128|0x00000000e8000000, 0x00000000e8100000, 0x00000000e8100000|100%| O|  |TAMS 0x00000000e8100000, 0x00000000e8000000| Untracked 
| 129|0x00000000e8100000, 0x00000000e8200000, 0x00000000e8200000|100%| O|  |TAMS 0x00000000e8200000, 0x00000000e8100000| Untracked 
| 130|0x00000000e8200000, 0x00000000e8300000, 0x00000000e8300000|100%| O|  |TAMS 0x00000000e8300000, 0x00000000e8200000| Untracked 
| 131|0x00000000e8300000, 0x00000000e8400000, 0x00000000e8400000|100%| O|  |TAMS 0x00000000e8400000, 0x00000000e8300000| Untracked 
| 132|0x00000000e8400000, 0x00000000e8500000, 0x00000000e8500000|100%| O|  |TAMS 0x00000000e8500000, 0x00000000e8400000| Untracked 
| 133|0x00000000e8500000, 0x00000000e8600000, 0x00000000e8600000|100%| O|  |TAMS 0x00000000e8600000, 0x00000000e8500000| Untracked 
| 134|0x00000000e8600000, 0x00000000e8700000, 0x00000000e8700000|100%| O|  |TAMS 0x00000000e8700000, 0x00000000e8600000| Untracked 
| 135|0x00000000e8700000, 0x00000000e8800000, 0x00000000e8800000|100%| O|  |TAMS 0x00000000e8800000, 0x00000000e8700000| Untracked 
| 136|0x00000000e8800000, 0x00000000e8900000, 0x00000000e8900000|100%| O|  |TAMS 0x00000000e88a3600, 0x00000000e8800000| Untracked 
| 137|0x00000000e8900000, 0x00000000e8a00000, 0x00000000e8a00000|100%| O|  |TAMS 0x00000000e8900000, 0x00000000e8900000| Untracked 
| 138|0x00000000e8a00000, 0x00000000e8b00000, 0x00000000e8b00000|100%| O|  |TAMS 0x00000000e8a00000, 0x00000000e8a00000| Untracked 
| 139|0x00000000e8b00000, 0x00000000e8c00000, 0x00000000e8c00000|100%| O|  |TAMS 0x00000000e8b00000, 0x00000000e8b00000| Untracked 
| 140|0x00000000e8c00000, 0x00000000e8d00000, 0x00000000e8d00000|100%| O|  |TAMS 0x00000000e8c00000, 0x00000000e8c00000| Untracked 
| 141|0x00000000e8d00000, 0x00000000e8e00000, 0x00000000e8e00000|100%| O|  |TAMS 0x00000000e8d00000, 0x00000000e8d00000| Untracked 
| 142|0x00000000e8e00000, 0x00000000e8f00000, 0x00000000e8f00000|100%| O|  |TAMS 0x00000000e8e00000, 0x00000000e8e00000| Untracked 
| 143|0x00000000e8f00000, 0x00000000e9000000, 0x00000000e9000000|100%| O|  |TAMS 0x00000000e8f00000, 0x00000000e8f00000| Untracked 
| 144|0x00000000e9000000, 0x00000000e9100000, 0x00000000e9100000|100%| O|  |TAMS 0x00000000e9000000, 0x00000000e9000000| Untracked 
| 145|0x00000000e9100000, 0x00000000e9200000, 0x00000000e9200000|100%| O|  |TAMS 0x00000000e9100000, 0x00000000e9100000| Untracked 
| 146|0x00000000e9200000, 0x00000000e9300000, 0x00000000e9300000|100%|HS|  |TAMS 0x00000000e9200000, 0x00000000e9200000| Complete 
| 147|0x00000000e9300000, 0x00000000e9400000, 0x00000000e9400000|100%| O|  |TAMS 0x00000000e9300000, 0x00000000e9300000| Untracked 
| 148|0x00000000e9400000, 0x00000000e9500000, 0x00000000e9500000|100%| O|  |TAMS 0x00000000e9400000, 0x00000000e9400000| Untracked 
| 149|0x00000000e9500000, 0x00000000e9600000, 0x00000000e9600000|100%| O|  |TAMS 0x00000000e9500000, 0x00000000e9500000| Untracked 
| 150|0x00000000e9600000, 0x00000000e9700000, 0x00000000e9700000|100%| O|  |TAMS 0x00000000e9600000, 0x00000000e9600000| Untracked 
| 151|0x00000000e9700000, 0x00000000e9800000, 0x00000000e9800000|100%| O|  |TAMS 0x00000000e9700000, 0x00000000e9700000| Untracked 
| 152|0x00000000e9800000, 0x00000000e9900000, 0x00000000e9900000|100%| O|  |TAMS 0x00000000e9800000, 0x00000000e9800000| Untracked 
| 153|0x00000000e9900000, 0x00000000e9a00000, 0x00000000e9a00000|100%| O|  |TAMS 0x00000000e9900000, 0x00000000e9900000| Untracked 
| 154|0x00000000e9a00000, 0x00000000e9aa0600, 0x00000000e9b00000| 62%| O|  |TAMS 0x00000000e9a00000, 0x00000000e9a00000| Untracked 
| 155|0x00000000e9b00000, 0x00000000e9b00000, 0x00000000e9c00000|  0%| F|  |TAMS 0x00000000e9b00000, 0x00000000e9b00000| Untracked 
| 156|0x00000000e9c00000, 0x00000000e9c00000, 0x00000000e9d00000|  0%| F|  |TAMS 0x00000000e9c00000, 0x00000000e9c00000| Untracked 
| 157|0x00000000e9d00000, 0x00000000e9d00000, 0x00000000e9e00000|  0%| F|  |TAMS 0x00000000e9d00000, 0x00000000e9d00000| Untracked 
| 158|0x00000000e9e00000, 0x00000000e9e00000, 0x00000000e9f00000|  0%| F|  |TAMS 0x00000000e9e00000, 0x00000000e9e00000| Untracked 
| 159|0x00000000e9f00000, 0x00000000e9f00000, 0x00000000ea000000|  0%| F|  |TAMS 0x00000000e9f00000, 0x00000000e9f00000| Untracked 
| 160|0x00000000ea000000, 0x00000000ea000000, 0x00000000ea100000|  0%| F|  |TAMS 0x00000000ea000000, 0x00000000ea000000| Untracked 
| 161|0x00000000ea100000, 0x00000000ea100000, 0x00000000ea200000|  0%| F|  |TAMS 0x00000000ea100000, 0x00000000ea100000| Untracked 
| 162|0x00000000ea200000, 0x00000000ea200000, 0x00000000ea300000|  0%| F|  |TAMS 0x00000000ea200000, 0x00000000ea200000| Untracked 
| 163|0x00000000ea300000, 0x00000000ea300000, 0x00000000ea400000|  0%| F|  |TAMS 0x00000000ea300000, 0x00000000ea300000| Untracked 
| 164|0x00000000ea400000, 0x00000000ea400000, 0x00000000ea500000|  0%| F|  |TAMS 0x00000000ea400000, 0x00000000ea400000| Untracked 
| 165|0x00000000ea500000, 0x00000000ea500000, 0x00000000ea600000|  0%| F|  |TAMS 0x00000000ea500000, 0x00000000ea500000| Untracked 
| 166|0x00000000ea600000, 0x00000000ea600000, 0x00000000ea700000|  0%| F|  |TAMS 0x00000000ea600000, 0x00000000ea600000| Untracked 
| 167|0x00000000ea700000, 0x00000000ea700000, 0x00000000ea800000|  0%| F|  |TAMS 0x00000000ea700000, 0x00000000ea700000| Untracked 
| 168|0x00000000ea800000, 0x00000000ea800000, 0x00000000ea900000|  0%| F|  |TAMS 0x00000000ea800000, 0x00000000ea800000| Untracked 
| 169|0x00000000ea900000, 0x00000000ea900000, 0x00000000eaa00000|  0%| F|  |TAMS 0x00000000ea900000, 0x00000000ea900000| Untracked 
| 170|0x00000000eaa00000, 0x00000000eaa00000, 0x00000000eab00000|  0%| F|  |TAMS 0x00000000eaa00000, 0x00000000eaa00000| Untracked 
| 171|0x00000000eab00000, 0x00000000eab00000, 0x00000000eac00000|  0%| F|  |TAMS 0x00000000eab00000, 0x00000000eab00000| Untracked 
| 172|0x00000000eac00000, 0x00000000eac00000, 0x00000000ead00000|  0%| F|  |TAMS 0x00000000eac00000, 0x00000000eac00000| Untracked 
| 173|0x00000000ead00000, 0x00000000ead00000, 0x00000000eae00000|  0%| F|  |TAMS 0x00000000ead00000, 0x00000000ead00000| Untracked 
| 174|0x00000000eae00000, 0x00000000eae00000, 0x00000000eaf00000|  0%| F|  |TAMS 0x00000000eae00000, 0x00000000eae00000| Untracked 
| 175|0x00000000eaf00000, 0x00000000eaf00000, 0x00000000eb000000|  0%| F|  |TAMS 0x00000000eaf00000, 0x00000000eaf00000| Untracked 
| 176|0x00000000eb000000, 0x00000000eb000000, 0x00000000eb100000|  0%| F|  |TAMS 0x00000000eb000000, 0x00000000eb000000| Untracked 
| 177|0x00000000eb100000, 0x00000000eb127880, 0x00000000eb200000| 15%| S|CS|TAMS 0x00000000eb100000, 0x00000000eb100000| Complete 
| 178|0x00000000eb200000, 0x00000000eb200000, 0x00000000eb300000|  0%| F|  |TAMS 0x00000000eb200000, 0x00000000eb200000| Untracked 
| 179|0x00000000eb300000, 0x00000000eb300000, 0x00000000eb400000|  0%| F|  |TAMS 0x00000000eb300000, 0x00000000eb300000| Untracked 
| 180|0x00000000eb400000, 0x00000000eb500000, 0x00000000eb500000|100%| S|CS|TAMS 0x00000000eb400000, 0x00000000eb400000| Complete 
| 181|0x00000000eb500000, 0x00000000eb500000, 0x00000000eb600000|  0%| F|  |TAMS 0x00000000eb500000, 0x00000000eb500000| Untracked 
| 182|0x00000000eb600000, 0x00000000eb600000, 0x00000000eb700000|  0%| F|  |TAMS 0x00000000eb600000, 0x00000000eb600000| Untracked 
| 183|0x00000000eb700000, 0x00000000eb700000, 0x00000000eb800000|  0%| F|  |TAMS 0x00000000eb700000, 0x00000000eb700000| Untracked 
| 184|0x00000000eb800000, 0x00000000eb800000, 0x00000000eb900000|  0%| F|  |TAMS 0x00000000eb800000, 0x00000000eb800000| Untracked 
| 185|0x00000000eb900000, 0x00000000eb900000, 0x00000000eba00000|  0%| F|  |TAMS 0x00000000eb900000, 0x00000000eb900000| Untracked 
| 186|0x00000000eba00000, 0x00000000eba00000, 0x00000000ebb00000|  0%| F|  |TAMS 0x00000000eba00000, 0x00000000eba00000| Untracked 
| 187|0x00000000ebb00000, 0x00000000ebb00000, 0x00000000ebc00000|  0%| F|  |TAMS 0x00000000ebb00000, 0x00000000ebb00000| Untracked 
| 188|0x00000000ebc00000, 0x00000000ebc00000, 0x00000000ebd00000|  0%| F|  |TAMS 0x00000000ebc00000, 0x00000000ebc00000| Untracked 
| 189|0x00000000ebd00000, 0x00000000ebd00000, 0x00000000ebe00000|  0%| F|  |TAMS 0x00000000ebd00000, 0x00000000ebd00000| Untracked 
| 190|0x00000000ebe00000, 0x00000000ebe00000, 0x00000000ebf00000|  0%| F|  |TAMS 0x00000000ebe00000, 0x00000000ebe00000| Untracked 
| 191|0x00000000ebf00000, 0x00000000ebf00000, 0x00000000ec000000|  0%| F|  |TAMS 0x00000000ebf00000, 0x00000000ebf00000| Untracked 
| 192|0x00000000ec000000, 0x00000000ec000000, 0x00000000ec100000|  0%| F|  |TAMS 0x00000000ec000000, 0x00000000ec000000| Untracked 
| 193|0x00000000ec100000, 0x00000000ec100000, 0x00000000ec200000|  0%| F|  |TAMS 0x00000000ec100000, 0x00000000ec100000| Untracked 
| 194|0x00000000ec200000, 0x00000000ec200000, 0x00000000ec300000|  0%| F|  |TAMS 0x00000000ec200000, 0x00000000ec200000| Untracked 
| 195|0x00000000ec300000, 0x00000000ec300000, 0x00000000ec400000|  0%| F|  |TAMS 0x00000000ec300000, 0x00000000ec300000| Untracked 
| 196|0x00000000ec400000, 0x00000000ec400000, 0x00000000ec500000|  0%| F|  |TAMS 0x00000000ec400000, 0x00000000ec400000| Untracked 
| 197|0x00000000ec500000, 0x00000000ec500000, 0x00000000ec600000|  0%| F|  |TAMS 0x00000000ec500000, 0x00000000ec500000| Untracked 
| 198|0x00000000ec600000, 0x00000000ec600000, 0x00000000ec700000|  0%| F|  |TAMS 0x00000000ec600000, 0x00000000ec600000| Untracked 
| 199|0x00000000ec700000, 0x00000000ec700000, 0x00000000ec800000|  0%| F|  |TAMS 0x00000000ec700000, 0x00000000ec700000| Untracked 
| 200|0x00000000ec800000, 0x00000000ec800000, 0x00000000ec900000|  0%| F|  |TAMS 0x00000000ec800000, 0x00000000ec800000| Untracked 
| 201|0x00000000ec900000, 0x00000000ec900000, 0x00000000eca00000|  0%| F|  |TAMS 0x00000000ec900000, 0x00000000ec900000| Untracked 
| 202|0x00000000eca00000, 0x00000000eca00000, 0x00000000ecb00000|  0%| F|  |TAMS 0x00000000eca00000, 0x00000000eca00000| Untracked 
| 203|0x00000000ecb00000, 0x00000000ecb80800, 0x00000000ecc00000|100%| E|  |TAMS 0x00000000ecb00000, 0x00000000ecb00000| Complete 
| 204|0x00000000ecc00000, 0x00000000ecd00000, 0x00000000ecd00000|100%| E|CS|TAMS 0x00000000ecc00000, 0x00000000ecc00000| Complete 
| 205|0x00000000ecd00000, 0x00000000ece00000, 0x00000000ece00000|100%| E|CS|TAMS 0x00000000ecd00000, 0x00000000ecd00000| Complete 
| 206|0x00000000ece00000, 0x00000000ecf00000, 0x00000000ecf00000|100%| E|CS|TAMS 0x00000000ece00000, 0x00000000ece00000| Complete 
| 207|0x00000000ecf00000, 0x00000000ed000000, 0x00000000ed000000|100%| E|CS|TAMS 0x00000000ecf00000, 0x00000000ecf00000| Complete 
| 208|0x00000000ed000000, 0x00000000ed100000, 0x00000000ed100000|100%| E|CS|TAMS 0x00000000ed000000, 0x00000000ed000000| Complete 
| 209|0x00000000ed100000, 0x00000000ed200000, 0x00000000ed200000|100%| E|CS|TAMS 0x00000000ed100000, 0x00000000ed100000| Complete 
| 210|0x00000000ed200000, 0x00000000ed300000, 0x00000000ed300000|100%| E|CS|TAMS 0x00000000ed200000, 0x00000000ed200000| Complete 

Card table byte_map: [0x0000020e70440000,0x0000020e70540000] _byte_map_base: 0x0000020e6fd40000

Marking Bits (Prev, Next): (CMBitMap*) 0x0000020e5bc94a00, (CMBitMap*) 0x0000020e5bc949c8
 Prev Bits: [0x0000020e70e40000, 0x0000020e71640000)
 Next Bits: [0x0000020e70640000, 0x0000020e70e40000)

Polling page: 0x0000020e597a0000

Metaspace:

Usage:
  Non-class:     27.12 MB capacity,    26.85 MB ( 99%) used,   215.52 KB ( <1%) free+waste,    65.88 KB ( <1%) overhead. 
      Class:      3.36 MB capacity,     3.15 MB ( 94%) used,   189.38 KB (  5%) free+waste,    27.81 KB ( <1%) overhead. 
       Both:     30.48 MB capacity,    30.00 MB ( 98%) used,   404.90 KB (  1%) free+waste,    93.69 KB ( <1%) overhead. 

Virtual space:
  Non-class space:       28.00 MB reserved,      27.25 MB ( 97%) committed 
      Class space:        1.00 GB reserved,       3.38 MB ( <1%) committed 
             Both:        1.03 GB reserved,      30.63 MB (  3%) committed 

Chunk freelists:
   Non-Class:  4.00 KB
       Class:  12.00 KB
        Both:  16.00 KB

MaxMetaspaceSize: 17179869184.00 GB
CompressedClassSpaceSize: 1.00 GB
Initial GC threshold: 20.80 MB
Current GC threshold: 46.46 MB
CDS: off

CodeHeap 'non-profiled nmethods': size=120000Kb used=4558Kb max_used=4558Kb free=115441Kb
 bounds [0x0000020e688c0000, 0x0000020e68d40000, 0x0000020e6fdf0000]
CodeHeap 'profiled nmethods': size=120000Kb used=11355Kb max_used=11355Kb free=108645Kb
 bounds [0x0000020e61390000, 0x0000020e61eb0000, 0x0000020e688c0000]
CodeHeap 'non-nmethods': size=5760Kb used=1257Kb max_used=1303Kb free=4502Kb
 bounds [0x0000020e60df0000, 0x0000020e61060000, 0x0000020e61390000]
 total_blobs=5779 nmethods=5248 adapters=443
 compilation: enabled
              stopped_count=0, restarted_count=0
 full_count=0

Compilation events (20 events):
Event: 1312.096 Thread 0x0000020e74b3d800 5380       2       java.util.AbstractList$SubList::checkForComodification (23 bytes)
Event: 1312.097 Thread 0x0000020e74b3d800 nmethod 5380 0x0000020e61e9e310 code [0x0000020e61e9e4e0, 0x0000020e61e9e6a8]
Event: 1312.098 Thread 0x0000020e764f9000 nmethod 5330 0x0000020e68d28e90 code [0x0000020e68d290e0, 0x0000020e68d2a418]
Event: 1312.098 Thread 0x0000020e764f9000 5348       4       java.util.PriorityQueue::siftDownComparable (100 bytes)
Event: 1312.107 Thread 0x0000020e764f9000 nmethod 5348 0x0000020e68d2b410 code [0x0000020e68d2b5e0, 0x0000020e68d2bc18]
Event: 1312.107 Thread 0x0000020e764f9000 5346 %     4       opennlp.tools.ml.BeamSearch::bestSequences @ 242 (517 bytes)
Event: 1312.111 Thread 0x0000020e74b3d800 5383       2       org.languagetool.rules.patterns.EquivalenceTypeLocator::hashCode (22 bytes)
Event: 1312.112 Thread 0x0000020e74b3d800 nmethod 5383 0x0000020e61e9e790 code [0x0000020e61e9e960, 0x0000020e61e9ec88]
Event: 1312.112 Thread 0x0000020e74b3d800 5384       2       org.languagetool.rules.patterns.EquivalenceTypeLocator::<init> (15 bytes)
Event: 1312.112 Thread 0x0000020e74b3d800 nmethod 5384 0x0000020e61e9ed90 code [0x0000020e61e9ef40, 0x0000020e61e9f0d8]
Event: 1312.119 Thread 0x0000020e74b3d800 5387       2       com.google.common.cache.LocalCache::hash (14 bytes)
Event: 1312.120 Thread 0x0000020e74b3d800 nmethod 5387 0x0000020e61e9f190 code [0x0000020e61e9f360, 0x0000020e61e9f4b8]
Event: 1312.120 Thread 0x0000020e74b3d800 5388       2       com.google.common.base.Equivalence::hash (12 bytes)
Event: 1312.120 Thread 0x0000020e74b3d800 nmethod 5388 0x0000020e61e9f590 code [0x0000020e61e9f740, 0x0000020e61e9f868]
Event: 1312.120 Thread 0x0000020e74b3d800 5389 %     3       gnu.trove.TObjectHash::index @ 82 (146 bytes)
Event: 1312.121 Thread 0x0000020e74b3d800 nmethod 5389% 0x0000020e61e9f910 code [0x0000020e61e9fb60, 0x0000020e61ea09e8]
Event: 1312.129 Thread 0x0000020e74b3d800 5390       2       org.languagetool.rules.patterns.EquivalenceTypeLocator::equals (65 bytes)
Event: 1312.129 Thread 0x0000020e74b3d800 nmethod 5390 0x0000020e61ea0e90 code [0x0000020e61ea1060, 0x0000020e61ea1318]
Event: 1312.149 Thread 0x0000020e74b3d800 5392       2       org.languagetool.chunking.EnglishChunkFilter::getChunkType (81 bytes)
Event: 1312.149 Thread 0x0000020e74b3d800 nmethod 5392 0x0000020e61ea1490 code [0x0000020e61ea16a0, 0x0000020e61ea1988]

GC Heap History (20 events):
Event: 490.092 GC heap before
{Heap before GC invocations=44 (full 0):
 garbage-first heap   total 216064K, used 185859K [0x00000000e0000000, 0x0000000100000000)
  region size 1024K, 28 young (28672K), 2 survivors (2048K)
 Metaspace       used 30604K, capacity 31152K, committed 31360K, reserved 1077248K
  class space    used 3217K, capacity 3444K, committed 3456K, reserved 1048576K
}
Event: 490.093 GC heap after
{Heap after GC invocations=45 (full 0):
 garbage-first heap   total 216064K, used 159190K [0x00000000e0000000, 0x0000000100000000)
  region size 1024K, 2 young (2048K), 2 survivors (2048K)
 Metaspace       used 30604K, capacity 31152K, committed 31360K, reserved 1077248K
  class space    used 3217K, capacity 3444K, committed 3456K, reserved 1048576K
}
Event: 490.118 GC heap before
{Heap before GC invocations=45 (full 0):
 garbage-first heap   total 216064K, used 186838K [0x00000000e0000000, 0x0000000100000000)
  region size 1024K, 29 young (29696K), 2 survivors (2048K)
 Metaspace       used 30604K, capacity 31152K, committed 31360K, reserved 1077248K
  class space    used 3217K, capacity 3444K, committed 3456K, reserved 1048576K
}
Event: 490.120 GC heap after
{Heap after GC invocations=46 (full 0):
 garbage-first heap   total 216064K, used 159191K [0x00000000e0000000, 0x0000000100000000)
  region size 1024K, 2 young (2048K), 2 survivors (2048K)
 Metaspace       used 30604K, capacity 31152K, committed 31360K, reserved 1077248K
  class space    used 3217K, capacity 3444K, committed 3456K, reserved 1048576K
}
Event: 490.155 GC heap before
{Heap before GC invocations=46 (full 0):
 garbage-first heap   total 216064K, used 186839K [0x00000000e0000000, 0x0000000100000000)
  region size 1024K, 29 young (29696K), 2 survivors (2048K)
 Metaspace       used 30607K, capacity 31152K, committed 31360K, reserved 1077248K
  class space    used 3217K, capacity 3444K, committed 3456K, reserved 1048576K
}
Event: 490.156 GC heap after
{Heap after GC invocations=47 (full 0):
 garbage-first heap   total 216064K, used 159184K [0x00000000e0000000, 0x0000000100000000)
  region size 1024K, 2 young (2048K), 2 survivors (2048K)
 Metaspace       used 30607K, capacity 31152K, committed 31360K, reserved 1077248K
  class space    used 3217K, capacity 3444K, committed 3456K, reserved 1048576K
}
Event: 490.185 GC heap before
{Heap before GC invocations=47 (full 0):
 garbage-first heap   total 216064K, used 187856K [0x00000000e0000000, 0x0000000100000000)
  region size 1024K, 30 young (30720K), 2 survivors (2048K)
 Metaspace       used 30607K, capacity 31152K, committed 31360K, reserved 1077248K
  class space    used 3217K, capacity 3444K, committed 3456K, reserved 1048576K
}
Event: 490.186 GC heap after
{Heap after GC invocations=48 (full 0):
 garbage-first heap   total 216064K, used 159188K [0x00000000e0000000, 0x0000000100000000)
  region size 1024K, 2 young (2048K), 2 survivors (2048K)
 Metaspace       used 30607K, capacity 31152K, committed 31360K, reserved 1077248K
  class space    used 3217K, capacity 3444K, committed 3456K, reserved 1048576K
}
Event: 490.214 GC heap before
{Heap before GC invocations=48 (full 0):
 garbage-first heap   total 216064K, used 187860K [0x00000000e0000000, 0x0000000100000000)
  region size 1024K, 30 young (30720K), 2 survivors (2048K)
 Metaspace       used 30607K, capacity 31152K, committed 31360K, reserved 1077248K
  class space    used 3217K, capacity 3444K, committed 3456K, reserved 1048576K
}
Event: 490.215 GC heap after
{Heap after GC invocations=49 (full 0):
 garbage-first heap   total 216064K, used 159208K [0x00000000e0000000, 0x0000000100000000)
  region size 1024K, 2 young (2048K), 2 survivors (2048K)
 Metaspace       used 30607K, capacity 31152K, committed 31360K, reserved 1077248K
  class space    used 3217K, capacity 3444K, committed 3456K, reserved 1048576K
}
Event: 490.242 GC heap before
{Heap before GC invocations=49 (full 0):
 garbage-first heap   total 216064K, used 188904K [0x00000000e0000000, 0x0000000100000000)
  region size 1024K, 31 young (31744K), 2 survivors (2048K)
 Metaspace       used 30607K, capacity 31152K, committed 31360K, reserved 1077248K
  class space    used 3217K, capacity 3444K, committed 3456K, reserved 1048576K
}
Event: 490.243 GC heap after
{Heap after GC invocations=50 (full 0):
 garbage-first heap   total 216064K, used 159194K [0x00000000e0000000, 0x0000000100000000)
  region size 1024K, 2 young (2048K), 2 survivors (2048K)
 Metaspace       used 30607K, capacity 31152K, committed 31360K, reserved 1077248K
  class space    used 3217K, capacity 3444K, committed 3456K, reserved 1048576K
}
Event: 490.269 GC heap before
{Heap before GC invocations=50 (full 0):
 garbage-first heap   total 216064K, used 188890K [0x00000000e0000000, 0x0000000100000000)
  region size 1024K, 31 young (31744K), 2 survivors (2048K)
 Metaspace       used 30607K, capacity 31152K, committed 31360K, reserved 1077248K
  class space    used 3217K, capacity 3444K, committed 3456K, reserved 1048576K
}
Event: 490.270 GC heap after
{Heap after GC invocations=51 (full 0):
 garbage-first heap   total 216064K, used 159202K [0x00000000e0000000, 0x0000000100000000)
  region size 1024K, 2 young (2048K), 2 survivors (2048K)
 Metaspace       used 30607K, capacity 31152K, committed 31360K, reserved 1077248K
  class space    used 3217K, capacity 3444K, committed 3456K, reserved 1048576K
}
Event: 490.298 GC heap before
{Heap before GC invocations=51 (full 0):
 garbage-first heap   total 216064K, used 188898K [0x00000000e0000000, 0x0000000100000000)
  region size 1024K, 31 young (31744K), 2 survivors (2048K)
 Metaspace       used 30607K, capacity 31152K, committed 31360K, reserved 1077248K
  class space    used 3217K, capacity 3444K, committed 3456K, reserved 1048576K
}
Event: 490.299 GC heap after
{Heap after GC invocations=52 (full 0):
 garbage-first heap   total 216064K, used 159193K [0x00000000e0000000, 0x0000000100000000)
  region size 1024K, 2 young (2048K), 2 survivors (2048K)
 Metaspace       used 30607K, capacity 31152K, committed 31360K, reserved 1077248K
  class space    used 3217K, capacity 3444K, committed 3456K, reserved 1048576K
}
Event: 490.327 GC heap before
{Heap before GC invocations=52 (full 0):
 garbage-first heap   total 216064K, used 189913K [0x00000000e0000000, 0x0000000100000000)
  region size 1024K, 32 young (32768K), 2 survivors (2048K)
 Metaspace       used 30609K, capacity 31152K, committed 31360K, reserved 1077248K
  class space    used 3217K, capacity 3444K, committed 3456K, reserved 1048576K
}
Event: 490.328 GC heap after
{Heap after GC invocations=53 (full 0):
 garbage-first heap   total 216064K, used 159202K [0x00000000e0000000, 0x0000000100000000)
  region size 1024K, 2 young (2048K), 2 survivors (2048K)
 Metaspace       used 30609K, capacity 31152K, committed 31360K, reserved 1077248K
  class space    used 3217K, capacity 3444K, committed 3456K, reserved 1048576K
}
Event: 490.356 GC heap before
{Heap before GC invocations=53 (full 0):
 garbage-first heap   total 216064K, used 189922K [0x00000000e0000000, 0x0000000100000000)
  region size 1024K, 32 young (32768K), 2 survivors (2048K)
 Metaspace       used 30609K, capacity 31152K, committed 31360K, reserved 1077248K
  class space    used 3217K, capacity 3444K, committed 3456K, reserved 1048576K
}
Event: 490.357 GC heap after
{Heap after GC invocations=54 (full 0):
 garbage-first heap   total 216064K, used 159235K [0x00000000e0000000, 0x0000000100000000)
  region size 1024K, 2 young (2048K), 2 survivors (2048K)
 Metaspace       used 30609K, capacity 31152K, committed 31360K, reserved 1077248K
  class space    used 3217K, capacity 3444K, committed 3456K, reserved 1048576K
}

Deoptimization events (20 events):
Event: 1312.049 Thread 0x0000020e78f7a800 Uncommon trap: trap_request=0xffffffdc fr.pc=0x0000020e68cce5e8 relative=0x00000000000002a8
Event: 1312.049 Thread 0x0000020e78f7a800 Uncommon trap: reason=class_check action=make_not_entrant pc=0x0000020e68cce5e8 method=java.util.ArrayList.toArray([Ljava/lang/Object;)[Ljava/lang/Object; @ 21 c2
Event: 1312.049 Thread 0x0000020e78f7a800 DEOPT PACKING pc=0x0000020e68cce5e8 sp=0x0000009f241fe270
Event: 1312.049 Thread 0x0000020e78f7a800 DEOPT UNPACKING pc=0x0000020e60e3a1af sp=0x0000009f241fe230 mode 2
Event: 1312.049 Thread 0x0000020e78f7a800 Uncommon trap: trap_request=0xffffffbe fr.pc=0x0000020e68ce1e14 relative=0x00000000000029f4
Event: 1312.049 Thread 0x0000020e78f7a800 Uncommon trap: reason=profile_predicate action=maybe_recompile pc=0x0000020e68ce1e14 method=org.languagetool.rules.patterns.AbstractPatternRulePerformer.testAllReadings([Lorg/languagetool/AnalyzedTokenReadings;Lorg/languagetool/rules/patterns/PatternToken
Event: 1312.049 Thread 0x0000020e78f7a800 DEOPT PACKING pc=0x0000020e68ce1e14 sp=0x0000009f241fdeb0
Event: 1312.049 Thread 0x0000020e78f7a800 DEOPT UNPACKING pc=0x0000020e60e3a1af sp=0x0000009f241fde98 mode 2
Event: 1312.049 Thread 0x0000020e78f7a800 Uncommon trap: trap_request=0xffffffbe fr.pc=0x0000020e68ce1e14 relative=0x00000000000029f4
Event: 1312.049 Thread 0x0000020e78f7a800 Uncommon trap: reason=profile_predicate action=maybe_recompile pc=0x0000020e68ce1e14 method=org.languagetool.rules.patterns.AbstractPatternRulePerformer.testAllReadings([Lorg/languagetool/AnalyzedTokenReadings;Lorg/languagetool/rules/patterns/PatternToken
Event: 1312.049 Thread 0x0000020e78f7a800 DEOPT PACKING pc=0x0000020e68ce1e14 sp=0x0000009f241fdeb0
Event: 1312.049 Thread 0x0000020e78f7a800 DEOPT UNPACKING pc=0x0000020e60e3a1af sp=0x0000009f241fde98 mode 2
Event: 1312.049 Thread 0x0000020e78f7a800 Uncommon trap: trap_request=0xffffffbe fr.pc=0x0000020e68ce1e14 relative=0x00000000000029f4
Event: 1312.049 Thread 0x0000020e78f7a800 Uncommon trap: reason=profile_predicate action=maybe_recompile pc=0x0000020e68ce1e14 method=org.languagetool.rules.patterns.AbstractPatternRulePerformer.testAllReadings([Lorg/languagetool/AnalyzedTokenReadings;Lorg/languagetool/rules/patterns/PatternToken
Event: 1312.049 Thread 0x0000020e78f7a800 DEOPT PACKING pc=0x0000020e68ce1e14 sp=0x0000009f241fdeb0
Event: 1312.049 Thread 0x0000020e78f7a800 DEOPT UNPACKING pc=0x0000020e60e3a1af sp=0x0000009f241fde98 mode 2
Event: 1312.049 Thread 0x0000020e78f7a800 Uncommon trap: trap_request=0xffffffbe fr.pc=0x0000020e68ce1e14 relative=0x00000000000029f4
Event: 1312.049 Thread 0x0000020e78f7a800 Uncommon trap: reason=profile_predicate action=maybe_recompile pc=0x0000020e68ce1e14 method=org.languagetool.rules.patterns.AbstractPatternRulePerformer.testAllReadings([Lorg/languagetool/AnalyzedTokenReadings;Lorg/languagetool/rules/patterns/PatternToken
Event: 1312.049 Thread 0x0000020e78f7a800 DEOPT PACKING pc=0x0000020e68ce1e14 sp=0x0000009f241fdeb0
Event: 1312.049 Thread 0x0000020e78f7a800 DEOPT UNPACKING pc=0x0000020e60e3a1af sp=0x0000009f241fde98 mode 2

Classes redefined (0 events):
No events

Internal exceptions (20 events):
Event: 0.679 Thread 0x0000020e5bc68000 Exception <a 'java/lang/NoSuchMethodError'{0x00000000e3b3b710}: 'java.lang.Object java.lang.invoke.DirectMethodHandle$Holder.invokeStatic(java.lang.Object, java.lang.Object, java.lang.Object, java.lang.Object, int)'> (0x00000000e3b3b710) thrown at [./src/hotspot/share/interpreter/linkResolver.cpp, line 773]
Event: 0.738 Thread 0x0000020e5bc68000 Exception <a 'java/lang/ClassNotFoundException'{0x00000000e3a77518}: com/sun/org/apache/xerces/internal/impl/xpath/regex/spi/messageProvider> (0x00000000e3a77518) thrown at [./src/hotspot/share/classfile/systemDictionary.cpp, line 231]
Event: 0.980 Thread 0x0000020e5bc68000 Exception <a 'java/lang/NoSuchMethodError'{0x00000000e2b578f8}: 'java.lang.Object java.lang.invoke.DirectMethodHandle$Holder.invokeVirtual(java.lang.Object, java.lang.Object, java.lang.Object, java.lang.Object)'> (0x00000000e2b578f8) thrown at [./src/hotspot/share/interpreter/linkResolver.cpp, line 773]
Event: 1.140 Thread 0x0000020e5bc68000 Exception <a 'java/lang/NoSuchMethodError'{0x00000000e37c3660}: 'int java.lang.invoke.DirectMethodHandle$Holder.invokeVirtual(java.lang.Object, java.lang.Object, java.lang.Object)'> (0x00000000e37c3660) thrown at [./src/hotspot/share/interpreter/linkResolver.cpp, line 773]
Event: 1.141 Thread 0x0000020e5bc68000 Exception <a 'java/lang/NoSuchMethodError'{0x00000000e37c95c8}: 'java.lang.Object java.lang.invoke.DirectMethodHandle$Holder.invokeVirtual(java.lang.Object, java.lang.Object, java.lang.Object)'> (0x00000000e37c95c8) thrown at [./src/hotspot/share/interpreter/linkResolver.cpp, line 773]
Event: 3.373 Thread 0x0000020e5bc68000 Exception <a 'java/lang/NoSuchMethodError'{0x00000000e88aba08}: 'void java.lang.invoke.DirectMethodHandle$Holder.invokeSpecial(java.lang.Object, java.lang.Object, java.lang.Object, java.lang.Object)'> (0x00000000e88aba08) thrown at [./src/hotspot/share/interpreter/linkResolver.cpp, line 773]
Event: 3.525 Thread 0x0000020e77d1a800 Exception <a 'java/lang/NoSuchMethodError'{0x00000000e81de530}: 'java.lang.Object java.lang.invoke.DirectMethodHandle$Holder.invokeStatic(java.lang.Object, int, java.lang.Object)'> (0x00000000e81de530) thrown at [./src/hotspot/share/interpreter/linkResolver.cpp, line 773]
Event: 3.531 Thread 0x0000020e77d1a800 Exception <a 'java/lang/ClassNotFoundException'{0x00000000e81f1a60}: sun/util/logging/resources/spi/loggingProvider> (0x00000000e81f1a60) thrown at [./src/hotspot/share/classfile/systemDictionary.cpp, line 231]
Event: 3.584 Thread 0x0000020e77d1a800 Implicit null exception at 0x0000020e68aa2b09 to 0x0000020e68aa2d84
Event: 3.601 Thread 0x0000020e78f7a800 Exception <a 'java/lang/NoSuchMethodError'{0x00000000e7d81028}: 'int java.lang.invoke.DirectMethodHandle$Holder.invokeSpecialIFC(java.lang.Object, java.lang.Object, java.lang.Object, java.lang.Object)'> (0x00000000e7d81028) thrown at [./src/hotspot/share/interpreter/linkResolver.cpp, line 773]
Event: 3.688 Thread 0x0000020e78f7a800 Exception <a 'java/lang/NoSuchMethodError'{0x00000000e7adf4a0}: 'int java.lang.invoke.DirectMethodHandle$Holder.invokeStaticInit(java.lang.Object, int)'> (0x00000000e7adf4a0) thrown at [./src/hotspot/share/interpreter/linkResolver.cpp, line 773]
Event: 3.697 Thread 0x0000020e78f7a800 Exception <a 'java/lang/NoSuchMethodError'{0x00000000e7931c88}: 'void java.lang.invoke.DirectMethodHandle$Holder.invokeStaticInit(java.lang.Object, java.lang.Object, java.lang.Object)'> (0x00000000e7931c88) thrown at [./src/hotspot/share/interpreter/linkResolver.cpp, line 773]
Event: 3.721 Thread 0x0000020e78f7a800 Exception <a 'java/lang/NoSuchMethodError'{0x00000000e7733d50}: 'java.lang.Object java.lang.invoke.DirectMethodHandle$Holder.newInvokeSpecial(java.lang.Object, java.lang.Object, java.lang.Object, java.lang.Object, java.lang.Object, java.lang.Object, java.lang.Object)'> (0x00000000e7733d50) thrown at [./src/hotspot/share/interpreter/linkResolver.cpp, line 773]
Event: 3.733 Thread 0x0000020e78f7a800 Exception <a 'java/lang/NoSuchMethodError'{0x00000000e77eca20}: 'int java.lang.invoke.DirectMethodHandle$Holder.invokeStatic(java.lang.Object, int, int, int, int)'> (0x00000000e77eca20) thrown at [./src/hotspot/share/interpreter/linkResolver.cpp, line 773]
Event: 3.733 Thread 0x0000020e78f7a800 Exception <a 'java/lang/NoSuchMethodError'{0x00000000e77f2730}: 'java.lang.Object java.lang.invoke.DirectMethodHandle$Holder.invokeStatic(java.lang.Object, int, int, int)'> (0x00000000e77f2730) thrown at [./src/hotspot/share/interpreter/linkResolver.cpp, line 773]
Event: 4.956 Thread 0x0000020e78f7a800 Implicit null exception at 0x0000020e68933914 to 0x0000020e68933f78
Event: 5.175 Thread 0x0000020e78f7a800 Exception <a 'java/lang/NoSuchMethodError'{0x00000000ec14c800}: 'java.lang.Object java.lang.invoke.Invokers$Holder.linkToTargetMethod(java.lang.Object, java.lang.Object, java.lang.Object, java.lang.Object, java.lang.Object, java.lang.Object)'> (0x00000000ec14c800) thrown at [./src/hotspot/share/interpreter/linkResolver.cpp, line 773]
Event: 5.196 Thread 0x0000020e78f7a800 Implicit null exception at 0x0000020e689ea7ef to 0x0000020e689ea898
Event: 489.457 Thread 0x0000020e78f7a800 Implicit null exception at 0x0000020e68932614 to 0x0000020e68932c64
Event: 489.806 Thread 0x0000020e78f7a800 Exception <a 'java/lang/NoSuchMethodError'{0x00000000ebad8918}: 'java.lang.Object java.lang.invoke.DirectMethodHandle$Holder.invokeStatic(java.lang.Object, java.lang.Object, java.lang.Object, int, java.lang.Object, java.lang.Object, java.lang.Object)'> (0x00000000ebad8918) thrown at [./src/hotspot/share/interpreter/linkResolver.cpp, line 773]

Events (20 events):
Event: 490.369 loading class java/io/CharArrayWriter
Event: 490.369 loading class java/io/CharArrayWriter done
Event: 495.425 Thread 0x0000020e764f9000 Thread exited: 0x0000020e764f9000
Event: 500.414 Thread 0x0000020e7a350800 Thread exited: 0x0000020e7a350800
Event: 1312.037 loading class com/vladsch/flexmark/parser/core/IndentedCodeBlockParser
Event: 1312.037 loading class com/vladsch/flexmark/parser/core/IndentedCodeBlockParser done
Event: 1312.038 loading class com/vladsch/flexmark/ast/IndentedCodeBlock
Event: 1312.038 loading class com/vladsch/flexmark/ast/IndentedCodeBlock done
Event: 1312.038 loading class com/vladsch/flexmark/util/collection/iteration/Reverse
Event: 1312.038 loading class com/vladsch/flexmark/util/collection/iteration/Reverse done
Event: 1312.038 loading class com/vladsch/flexmark/util/collection/iteration/Reverse$ReversedListIterator
Event: 1312.038 loading class com/vladsch/flexmark/util/collection/iteration/Reverse$ReversedListIterator done
Event: 1312.039 Thread 0x0000020e7a350800 Thread added: 0x0000020e7a350800
Event: 1312.041 loading class com/vladsch/flexmark/parser/internal/InlineParserImpl$DelimiterData
Event: 1312.041 loading class com/vladsch/flexmark/parser/internal/InlineParserImpl$DelimiterData done
Event: 1312.041 loading class com/vladsch/flexmark/parser/core/delimiter/Delimiter
Event: 1312.041 loading class com/vladsch/flexmark/parser/core/delimiter/Delimiter done
Event: 1312.042 loading class com/vladsch/flexmark/ast/StrongEmphasis
Event: 1312.042 loading class com/vladsch/flexmark/ast/StrongEmphasis done
Event: 1312.054 Thread 0x0000020e764f9000 Thread added: 0x0000020e764f9000


Dynamic libraries:
0x00007ff65ea40000 - 0x00007ff65ea4d000 	c:\Users\Dave\.vscode\extensions\valentjn.vscode-ltex-13.1.0\lib\ltex-ls-15.2.0\jdk-11.0.12+7\bin\java.exe
0x00007fffddcb0000 - 0x00007fffddec4000 	C:\WINDOWS\SYSTEM32\ntdll.dll
0x00007fffdc670000 - 0x00007fffdc733000 	C:\WINDOWS\System32\KERNEL32.DLL
0x00007fffdb440000 - 0x00007fffdb7dd000 	C:\WINDOWS\System32\KERNELBASE.dll
0x00007fffdb320000 - 0x00007fffdb431000 	C:\WINDOWS\System32\ucrtbase.dll
0x00007fffbfb70000 - 0x00007fffbfb87000 	c:\Users\Dave\.vscode\extensions\valentjn.vscode-ltex-13.1.0\lib\ltex-ls-15.2.0\jdk-11.0.12+7\bin\jli.dll
0x00007fffc4240000 - 0x00007fffc4255000 	c:\Users\Dave\.vscode\extensions\valentjn.vscode-ltex-13.1.0\lib\ltex-ls-15.2.0\jdk-11.0.12+7\bin\VCRUNTIME140.dll
0x00007fffdd370000 - 0x00007fffdd51d000 	C:\WINDOWS\System32\USER32.dll
0x00007fffda320000 - 0x00007fffda5ae000 	C:\WINDOWS\WinSxS\amd64_microsoft.windows.common-controls_6595b64144ccf1df_6.0.22621.608_none_a9444ca7c10bb01d\COMCTL32.dll
0x00007fffdba70000 - 0x00007fffdba96000 	C:\WINDOWS\System32\win32u.dll
0x00007fffdc460000 - 0x00007fffdc507000 	C:\WINDOWS\System32\msvcrt.dll
0x00007fffdc7a0000 - 0x00007fffdc7c9000 	C:\WINDOWS\System32\GDI32.dll
0x00007fffdb7e0000 - 0x00007fffdb8f2000 	C:\WINDOWS\System32\gdi32full.dll
0x00007fffdb280000 - 0x00007fffdb31a000 	C:\WINDOWS\System32\msvcp_win.dll
0x00007fffdbab0000 - 0x00007fffdbae2000 	C:\WINDOWS\System32\IMM32.DLL
0x00007fffc62a0000 - 0x00007fffc62cd000 	C:\Program Files\MacType\MacType64.dll
0x00007fffdbbd0000 - 0x00007fffdbc7e000 	C:\WINDOWS\System32\ADVAPI32.dll
0x00007fffdc230000 - 0x00007fffdc2d4000 	C:\WINDOWS\System32\sechost.dll
0x00007fffdd520000 - 0x00007fffdd635000 	C:\WINDOWS\System32\RPCRT4.dll
0x00007fffc4630000 - 0x00007fffc468a000 	C:\Program Files\MacType\Easyhk64.dll
0x00007fffc4520000 - 0x00007fffc462b000 	C:\Program Files\MacType\MacType64.Core.dll
0x00007fffd6960000 - 0x00007fffd6f21000 	C:\WINDOWS\SYSTEM32\d2d1.dll
0x00007fffd6490000 - 0x00007fffd66f7000 	C:\WINDOWS\SYSTEM32\dwrite.dll
0x00007fffdb0d0000 - 0x00007fffdb14b000 	C:\WINDOWS\System32\bcryptPrimitives.dll
0x00007fff57890000 - 0x00007fff5792b000 	c:\Users\Dave\.vscode\extensions\valentjn.vscode-ltex-13.1.0\lib\ltex-ls-15.2.0\jdk-11.0.12+7\bin\msvcp140.dll
0x00007fff34b50000 - 0x00007fff356a9000 	c:\Users\Dave\.vscode\extensions\valentjn.vscode-ltex-13.1.0\lib\ltex-ls-15.2.0\jdk-11.0.12+7\bin\server\jvm.dll
0x00007fffdd7e0000 - 0x00007fffdd7e8000 	C:\WINDOWS\System32\PSAPI.DLL
0x00007fffc6f80000 - 0x00007fffc6f89000 	C:\WINDOWS\SYSTEM32\WSOCK32.dll
0x00007fffcfad0000 - 0x00007fffcfada000 	C:\WINDOWS\SYSTEM32\VERSION.dll
0x00007fffd1eb0000 - 0x00007fffd1ee4000 	C:\WINDOWS\SYSTEM32\WINMM.dll
0x00007fffdbaf0000 - 0x00007fffdbb61000 	C:\WINDOWS\System32\WS2_32.dll
0x00007fffd98d0000 - 0x00007fffd98e8000 	C:\WINDOWS\SYSTEM32\kernel.appcore.dll
0x00007fffc4100000 - 0x00007fffc4110000 	c:\Users\Dave\.vscode\extensions\valentjn.vscode-ltex-13.1.0\lib\ltex-ls-15.2.0\jdk-11.0.12+7\bin\verify.dll
0x00007fffdaa40000 - 0x00007fffdac6e000 	C:\WINDOWS\SYSTEM32\DBGHELP.DLL
0x00007fffdbf90000 - 0x00007fffdc067000 	C:\WINDOWS\System32\OLEAUT32.dll
0x0000020e5b040000 - 0x0000020e5b3ca000 	C:\WINDOWS\System32\combase.dll
0x00007fffda890000 - 0x00007fffda8c2000 	C:\WINDOWS\SYSTEM32\dbgcore.DLL
0x00007fffb7330000 - 0x00007fffb7358000 	c:\Users\Dave\.vscode\extensions\valentjn.vscode-ltex-13.1.0\lib\ltex-ls-15.2.0\jdk-11.0.12+7\bin\java.dll
0x00007fffc0a00000 - 0x00007fffc0a0a000 	c:\Users\Dave\.vscode\extensions\valentjn.vscode-ltex-13.1.0\lib\ltex-ls-15.2.0\jdk-11.0.12+7\bin\jimage.dll
0x00007fffbb0d0000 - 0x00007fffbb0e7000 	c:\Users\Dave\.vscode\extensions\valentjn.vscode-ltex-13.1.0\lib\ltex-ls-15.2.0\jdk-11.0.12+7\bin\zip.dll
0x00007fffdcb80000 - 0x00007fffdd36f000 	C:\WINDOWS\System32\SHELL32.dll
0x00007fffd8690000 - 0x00007fffd8f58000 	C:\WINDOWS\SYSTEM32\windows.storage.dll
0x00007fffd8550000 - 0x00007fffd868e000 	C:\WINDOWS\SYSTEM32\wintypes.dll
0x00007fffdbc80000 - 0x00007fffdbd71000 	C:\WINDOWS\System32\SHCORE.dll
0x0000020e59820000 - 0x0000020e5987e000 	C:\WINDOWS\System32\shlwapi.dll
0x00007fffdb000000 - 0x00007fffdb021000 	C:\WINDOWS\SYSTEM32\profapi.dll
0x00007fffb8610000 - 0x00007fffb8629000 	C:\Users\Dave\.vscode\extensions\valentjn.vscode-ltex-13.1.0\lib\ltex-ls-15.2.0\jdk-11.0.12+7\bin\net.dll
0x00007fffd3550000 - 0x00007fffd367f000 	C:\WINDOWS\SYSTEM32\WINHTTP.dll
0x00007fffd9ce0000 - 0x00007fffd9d49000 	C:\WINDOWS\system32\mswsock.dll
0x00007fffb7f80000 - 0x00007fffb7f92000 	C:\Users\Dave\.vscode\extensions\valentjn.vscode-ltex-13.1.0\lib\ltex-ls-15.2.0\jdk-11.0.12+7\bin\nio.dll
0x0000000069ac0000 - 0x0000000069ae4000 	C:\Users\Dave\AppData\Local\Temp\jansi-2.4.0-489ab512d9bbe4a1-jansi.dll

dbghelp: loaded successfully - version: 4.0.5 - missing functions: none
symbol engine: initialized successfully - sym options: 0x614 - pdb path: .;c:\Users\Dave\.vscode\extensions\valentjn.vscode-ltex-13.1.0\lib\ltex-ls-15.2.0\jdk-11.0.12+7\bin;C:\WINDOWS\SYSTEM32;C:\WINDOWS\WinSxS\amd64_microsoft.windows.common-controls_6595b64144ccf1df_6.0.22621.608_none_a9444ca7c10bb01d;C:\Program Files\MacType;c:\Users\Dave\.vscode\extensions\valentjn.vscode-ltex-13.1.0\lib\ltex-ls-15.2.0\jdk-11.0.12+7\bin\server;C:\Users\Dave\AppData\Local\Temp

VM Arguments:
jvm_args: -Xms64m -Xmx512m -Dapp.name=ltex-ls -Dapp.repo=c:\Users\Dave\.vscode\extensions\valentjn.vscode-ltex-13.1.0\lib\ltex-ls-15.2.0\lib -Dapp.home=c:\Users\Dave\.vscode\extensions\valentjn.vscode-ltex-13.1.0\lib\ltex-ls-15.2.0 -Dbasedir=c:\Users\Dave\.vscode\extensions\valentjn.vscode-ltex-13.1.0\lib\ltex-ls-15.2.0 
java_command: org.bsplines.ltexls.LtexLanguageServerLauncher
java_class_path (initial): c:\Users\Dave\.vscode\extensions\valentjn.vscode-ltex-13.1.0\lib\ltex-ls-15.2.0\etc;c:\Users\Dave\.vscode\extensions\valentjn.vscode-ltex-13.1.0\lib\ltex-ls-15.2.0\lib\aho-corasick-double-array-trie-1.2.2.jar;c:\Users\Dave\.vscode\extensions\valentjn.vscode-ltex-13.1.0\lib\ltex-ls-15.2.0\lib\animal-sniffer-annotations-1.17.jar;c:\Users\Dave\.vscode\extensions\valentjn.vscode-ltex-13.1.0\lib\ltex-ls-15.2.0\lib\annotations-12.0.jar;c:\Users\Dave\.vscode\extensions\valentjn.vscode-ltex-13.1.0\lib\ltex-ls-15.2.0\lib\annotations-13.0.jar;c:\Users\Dave\.vscode\extensions\valentjn.vscode-ltex-13.1.0\lib\ltex-ls-15.2.0\lib\annotations-20.1.0.jar;c:\Users\Dave\.vscode\extensions\valentjn.vscode-ltex-13.1.0\lib\ltex-ls-15.2.0\lib\annotations-4.1.1.4.jar;c:\Users\Dave\.vscode\extensions\valentjn.vscode-ltex-13.1.0\lib\ltex-ls-15.2.0\lib\bridj-0.7.0.jar;c:\Users\Dave\.vscode\extensions\valentjn.vscode-ltex-13.1.0\lib\ltex-ls-15.2.0\lib\catalan-pos-dict-2.16.jar;c:\Users\Dave\.vscode\extensions\valentjn.vscode-ltex-13.1.0\lib\ltex-ls-15.2.0\lib\checker-qual-2.5.2.jar;c:\Users\Dave\.vscode\extensions\valentjn.vscode-ltex-13.1.0\lib\ltex-ls-15.2.0\lib\checker-qual-3.5.0.jar;c:\Users\Dave\.vscode\extensions\valentjn.vscode-ltex-13.1.0\lib\ltex-ls-15.2.0\lib\cjftransform-1.0.1.jar;c:\Users\Dave\.vscode\extensions\valentjn.vscode-ltex-13.1.0\lib\ltex-ls-15.2.0\lib\commons-lang3-3.11.jar;c:\Users\Dave\.vscode\extensions\valentjn.vscode-ltex-13.1.0\lib\ltex-ls-15.2.0\lib\commons-logging-1.2.jar;c:\Users\Dave\.vscode\extensions\valentjn.vscode-ltex-13.1.0\lib\ltex-ls-15.2.0\lib\commons-pool2-2.9.0.jar;c:\Users\Dave\.vscode\extensions\valentjn.vscode-ltex-13.1.0\lib\ltex-ls-15.2.0\lib\commons-text-1.9.jar;c:\Users\Dave\.vscode\extensions\valentjn.vscode-ltex-13.1.0\lib\ltex-ls-15.2.0\lib\dx-1.7.jar;c:\Users\Dave\.vscode\extensions\valentjn.vscode-ltex-13.1.0\lib\ltex-ls-15.2.0\lib\emoji-java-5.1.1.jar;c:\Users\Dave\.vscode\extensions\valentjn.vscode-ltex-13.1
Launcher Type: SUN_STANDARD

[Global flags]
     intx CICompilerCount                          = 4                                         {product} {ergonomic}
     uint ConcGCThreads                            = 3                                         {product} {ergonomic}
     uint G1ConcRefinementThreads                  = 10                                        {product} {ergonomic}
   size_t G1HeapRegionSize                         = 1048576                                   {product} {ergonomic}
    uintx GCDrainStackTargetSize                   = 64                                        {product} {ergonomic}
   size_t InitialHeapSize                          = 67108864                                  {product} {command line}
   size_t MarkStackSize                            = 4194304                                   {product} {ergonomic}
   size_t MaxHeapSize                              = 536870912                                 {product} {command line}
   size_t MaxNewSize                               = 321912832                                 {product} {ergonomic}
   size_t MinHeapDeltaBytes                        = 1048576                                   {product} {ergonomic}
    uintx NonNMethodCodeHeapSize                   = 5836300                                {pd product} {ergonomic}
    uintx NonProfiledCodeHeapSize                  = 122910970                              {pd product} {ergonomic}
    uintx ProfiledCodeHeapSize                     = 122910970                              {pd product} {ergonomic}
    uintx ReservedCodeCacheSize                    = 251658240                              {pd product} {ergonomic}
     bool SegmentedCodeCache                       = true                                      {product} {ergonomic}
     bool UseCompressedClassPointers               = true                                 {lp64_product} {ergonomic}
     bool UseCompressedOops                        = true                                 {lp64_product} {ergonomic}
     bool UseG1GC                                  = true                                      {product} {ergonomic}
     bool UseLargePagesIndividualAllocation        = false                                  {pd product} {ergonomic}

Logging:
Log output configuration:
 #0: stdout all=warning uptime,level,tags
 #1: stderr all=off uptime,level,tags

Environment Variables:
JAVA_HOME=c:\Users\Dave\.vscode\extensions\valentjn.vscode-ltex-13.1.0\lib\ltex-ls-15.2.0\jdk-11.0.12+7
CLASSPATH="c:\Users\Dave\.vscode\extensions\valentjn.vscode-ltex-13.1.0\lib\ltex-ls-15.2.0"\etc;"c:\Users\Dave\.vscode\extensions\valentjn.vscode-ltex-13.1.0\lib\ltex-ls-15.2.0\lib"\*
PATH=C:\Program Files\Common Files\Oracle\Java\javapath;C:\Windows\system32;C:\Windows;C:\Windows\System32\Wbem;C:\Windows\System32\WindowsPowerShell\v1.0\;C:\Windows\System32\OpenSSH\;C:\Program Files (x86)\NVIDIA Corporation\PhysX\Common;C:\Program Files\NVIDIA Corporation\NVIDIA NvDLISR;C:\Program Files\dotnet\;C:\Program Files\Git\cmd;C:\Program Files\Perforce\;C:\WINDOWS\system32;C:\WINDOWS;C:\WINDOWS\System32\Wbem;C:\WINDOWS\System32\WindowsPowerShell\v1.0\;C:\WINDOWS\System32\OpenSSH\;C:\Program Files\nodejs\;D:\Software\Love2D\;D:\Software\ffmpeg\bin;C:\Users\Dave\AppData\Local\Microsoft\WindowsApps;C:\Users\Dave\.dotnet\tools;C:\Users\Dave\AppData\Local\Programs\Microsoft VS Code\bin;C:\Users\Dave\AppData\Local\GitHubDesktop\bin;C:\Users\Dave\AppData\Roaming\npm;C:\Program Files\CMake\bin
USERNAME=Dave
OS=Windows_NT
PROCESSOR_IDENTIFIER=AMD64 Family 23 Model 8 Stepping 2, AuthenticAMD



---------------  S Y S T E M  ---------------

OS: Windows 10 , 64 bit Build 22621 (10.0.22621.963)
OS uptime: 2 days 19:04 hours
Hyper-V role detected

CPU:total 12 (initial active 12) (12 cores per cpu, 2 threads per core) family 23 model 8 stepping 2 microcode 0x0, cmov, cx8, fxsr, mmx, sse, sse2, sse3, ssse3, sse4.1, sse4.2, popcnt, avx, avx2, aes, clmul, mmxext, 3dnowpref, lzcnt, sse4a, ht, tsc, tscinvbit, tscinv, bmi1, bmi2, adx, sha, fma

Memory: 4k page, system-wide physical 16309M (6002M free)
TotalPageFile size 20032M (AvailPageFile size 4061M)
current process WorkingSet (physical memory assigned to process): 347M, peak: 356M
current process commit charge ("private bytes"): 388M, peak: 413M

vm_info: OpenJDK 64-Bit Server VM (11.0.12+7) for windows-amd64 JRE (11.0.12+7), built on Jul 21 2021 16:23:49 by "" with unknown MS VC++:1916

END.
